{"C:\\Users\\korisnik\\Desktop\\Monitor-Mobile-App\\App.js": {"path":"C:\\Users\\korisnik\\Desktop\\Monitor-Mobile-App\\App.js","statementMap":{"0":{"start":{"line":18,"column":2},"end":{"line":18,"column":44}},"1":{"start":{"line":22,"column":22},"end":{"line":22,"column":57}},"2":{"start":{"line":23,"column":6},"end":{"line":23,"column":23}},"3":{"start":{"line":28,"column":26},"end":{"line":31,"column":3}},"4":{"start":{"line":33,"column":23},"end":{"line":52,"column":3}},"5":{"start":{"line":34,"column":4},"end":{"line":51,"column":5}},"6":{"start":{"line":36,"column":8},"end":{"line":40,"column":10}},"7":{"start":{"line":42,"column":8},"end":{"line":45,"column":10}},"8":{"start":{"line":47,"column":8},"end":{"line":50,"column":10}},"9":{"start":{"line":54,"column":33},"end":{"line":54,"column":81}},"10":{"start":{"line":55,"column":24},"end":{"line":55,"column":34}},"11":{"start":{"line":57,"column":22},"end":{"line":87,"column":8}},"12":{"start":{"line":57,"column":41},"end":{"line":87,"column":3}},"13":{"start":{"line":59,"column":6},"end":{"line":76,"column":7}},"14":{"start":{"line":60,"column":25},"end":{"line":63,"column":10}},"15":{"start":{"line":64,"column":8},"end":{"line":64,"column":26}},"16":{"start":{"line":65,"column":8},"end":{"line":72,"column":9}},"17":{"start":{"line":66,"column":10},"end":{"line":66,"column":65}},"18":{"start":{"line":67,"column":10},"end":{"line":67,"column":53}},"19":{"start":{"line":70,"column":10},"end":{"line":70,"column":27}},"20":{"start":{"line":71,"column":10},"end":{"line":71,"column":54}},"21":{"start":{"line":74,"column":8},"end":{"line":74,"column":33}},"22":{"start":{"line":75,"column":8},"end":{"line":75,"column":52}},"23":{"start":{"line":79,"column":6},"end":{"line":79,"column":53}},"24":{"start":{"line":80,"column":6},"end":{"line":80,"column":51}},"25":{"start":{"line":84,"column":6},"end":{"line":84,"column":41}},"26":{"start":{"line":89,"column":2},"end":{"line":109,"column":8}},"27":{"start":{"line":90,"column":26},"end":{"line":107,"column":7}},"28":{"start":{"line":93,"column":6},"end":{"line":105,"column":7}},"29":{"start":{"line":94,"column":8},"end":{"line":94,"column":48}},"30":{"start":{"line":95,"column":8},"end":{"line":100,"column":9}},"31":{"start":{"line":101,"column":8},"end":{"line":101,"column":59}},"32":{"start":{"line":102,"column":8},"end":{"line":102,"column":77}},"33":{"start":{"line":104,"column":8},"end":{"line":104,"column":78}},"34":{"start":{"line":108,"column":6},"end":{"line":108,"column":22}},"35":{"start":{"line":113,"column":2},"end":{"line":128,"column":4}}},"fnMap":{"0":{"name":"saveToken","decl":{"start":{"line":17,"column":15},"end":{"line":17,"column":24}},"loc":{"start":{"line":17,"column":35},"end":{"line":19,"column":1}},"line":17},"1":{"name":"getToken","decl":{"start":{"line":21,"column":15},"end":{"line":21,"column":23}},"loc":{"start":{"line":21,"column":28},"end":{"line":24,"column":1}},"line":21},"2":{"name":"App","decl":{"start":{"line":27,"column":24},"end":{"line":27,"column":27}},"loc":{"start":{"line":27,"column":30},"end":{"line":129,"column":1}},"line":27},"3":{"name":"(anonymous_3)","decl":{"start":{"line":33,"column":23},"end":{"line":33,"column":24}},"loc":{"start":{"line":33,"column":45},"end":{"line":52,"column":3}},"line":33},"4":{"name":"(anonymous_4)","decl":{"start":{"line":57,"column":36},"end":{"line":57,"column":37}},"loc":{"start":{"line":57,"column":41},"end":{"line":87,"column":3}},"line":57},"5":{"name":"(anonymous_5)","decl":{"start":{"line":58,"column":12},"end":{"line":58,"column":13}},"loc":{"start":{"line":58,"column":41},"end":{"line":77,"column":5}},"line":58},"6":{"name":"(anonymous_6)","decl":{"start":{"line":78,"column":13},"end":{"line":78,"column":14}},"loc":{"start":{"line":78,"column":24},"end":{"line":81,"column":5}},"line":78},"7":{"name":"(anonymous_7)","decl":{"start":{"line":83,"column":19},"end":{"line":83,"column":20}},"loc":{"start":{"line":83,"column":30},"end":{"line":85,"column":5}},"line":83},"8":{"name":"(anonymous_8)","decl":{"start":{"line":89,"column":18},"end":{"line":89,"column":19}},"loc":{"start":{"line":89,"column":22},"end":{"line":109,"column":3}},"line":89},"9":{"name":"(anonymous_9)","decl":{"start":{"line":90,"column":26},"end":{"line":90,"column":27}},"loc":{"start":{"line":90,"column":38},"end":{"line":107,"column":7}},"line":90}},"branchMap":{"0":{"loc":{"start":{"line":34,"column":4},"end":{"line":51,"column":5}},"type":"switch","locations":[{"start":{"line":35,"column":6},"end":{"line":40,"column":10}},{"start":{"line":41,"column":6},"end":{"line":45,"column":10}},{"start":{"line":46,"column":6},"end":{"line":50,"column":10}}],"line":34},"1":{"loc":{"start":{"line":65,"column":8},"end":{"line":72,"column":9}},"type":"if","locations":[{"start":{"line":65,"column":8},"end":{"line":72,"column":9}},{"start":{"line":65,"column":8},"end":{"line":72,"column":9}}],"line":65},"2":{"loc":{"start":{"line":119,"column":13},"end":{"line":121,"column":81}},"type":"cond-expr","locations":[{"start":{"line":120,"column":15},"end":{"line":120,"column":31}},{"start":{"line":121,"column":15},"end":{"line":121,"column":80}}],"line":119},"3":{"loc":{"start":{"line":121,"column":15},"end":{"line":121,"column":80}},"type":"cond-expr","locations":[{"start":{"line":121,"column":46},"end":{"line":121,"column":60}},{"start":{"line":121,"column":63},"end":{"line":121,"column":79}}],"line":121}},"s":{"0":0,"1":0,"2":0,"3":0,"4":0,"5":0,"6":0,"7":0,"8":0,"9":0,"10":0,"11":0,"12":0,"13":0,"14":0,"15":0,"16":0,"17":0,"18":0,"19":0,"20":0,"21":0,"22":0,"23":0,"24":0,"25":0,"26":0,"27":0,"28":0,"29":0,"30":0,"31":0,"32":0,"33":0,"34":0,"35":0},"f":{"0":0,"1":0,"2":0,"3":0,"4":0,"5":0,"6":0,"7":0,"8":0,"9":0},"b":{"0":[0,0,0],"1":[0,0],"2":[0,0],"3":[0,0]}}
,"C:\\Users\\korisnik\\Desktop\\Monitor-Mobile-App\\appConfig.js": {"path":"C:\\Users\\korisnik\\Desktop\\Monitor-Mobile-App\\appConfig.js","statementMap":{"0":{"start":{"line":1,"column":19},"end":{"line":1,"column":64}},"1":{"start":{"line":2,"column":25},"end":{"line":2,"column":59}},"2":{"start":{"line":3,"column":26},"end":{"line":3,"column":70}},"3":{"start":{"line":4,"column":32},"end":{"line":4,"column":70}}},"fnMap":{},"branchMap":{},"s":{"0":2,"1":2,"2":2,"3":2},"f":{},"b":{},"_coverageSchema":"1a1c01bbd47fc00a2c39e90264f33305004495a9","hash":"516cf5a72fb6cf8880da8030e0789243fa4a7c5d"}
,"C:\\Users\\korisnik\\Desktop\\Monitor-Mobile-App\\contexts\\DeviceContext.js": {"path":"C:\\Users\\korisnik\\Desktop\\Monitor-Mobile-App\\contexts\\DeviceContext.js","statementMap":{"0":{"start":{"line":5,"column":29},"end":{"line":5,"column":50}},"1":{"start":{"line":7,"column":12},"end":{"line":7,"column":73}},"2":{"start":{"line":9,"column":30},"end":{"line":56,"column":1}},"3":{"start":{"line":10,"column":30},"end":{"line":10,"column":53}},"4":{"start":{"line":11,"column":34},"end":{"line":11,"column":46}},"5":{"start":{"line":12,"column":44},"end":{"line":12,"column":61}},"6":{"start":{"line":13,"column":46},"end":{"line":13,"column":58}},"7":{"start":{"line":14,"column":28},"end":{"line":14,"column":39}},"8":{"start":{"line":15,"column":34},"end":{"line":15,"column":49}},"9":{"start":{"line":16,"column":45},"end":{"line":16,"column":57}},"10":{"start":{"line":17,"column":36},"end":{"line":17,"column":48}},"11":{"start":{"line":19,"column":28},"end":{"line":26,"column":5}},"12":{"start":{"line":20,"column":8},"end":{"line":25,"column":9}},"13":{"start":{"line":20,"column":40},"end":{"line":20,"column":73}},"14":{"start":{"line":21,"column":12},"end":{"line":21,"column":57}},"15":{"start":{"line":22,"column":12},"end":{"line":22,"column":50}},"16":{"start":{"line":24,"column":12},"end":{"line":24,"column":54}},"17":{"start":{"line":33,"column":19},"end":{"line":49,"column":5}},"18":{"start":{"line":51,"column":4},"end":{"line":55,"column":5}}},"fnMap":{"0":{"name":"(anonymous_0)","decl":{"start":{"line":9,"column":30},"end":{"line":9,"column":31}},"loc":{"start":{"line":9,"column":41},"end":{"line":56,"column":1}},"line":9},"1":{"name":"(anonymous_1)","decl":{"start":{"line":19,"column":28},"end":{"line":19,"column":29}},"loc":{"start":{"line":19,"column":40},"end":{"line":26,"column":5}},"line":19},"2":{"name":"(anonymous_2)","decl":{"start":{"line":20,"column":32},"end":{"line":20,"column":33}},"loc":{"start":{"line":20,"column":40},"end":{"line":20,"column":73}},"line":20}},"branchMap":{"0":{"loc":{"start":{"line":20,"column":8},"end":{"line":25,"column":9}},"type":"if","locations":[{"start":{"line":20,"column":8},"end":{"line":25,"column":9}},{"start":{"line":20,"column":8},"end":{"line":25,"column":9}}],"line":20}},"s":{"0":2,"1":2,"2":2,"3":3,"4":3,"5":3,"6":3,"7":3,"8":3,"9":3,"10":3,"11":3,"12":0,"13":0,"14":0,"15":0,"16":0,"17":3,"18":3},"f":{"0":3,"1":0,"2":0},"b":{"0":[0,0]},"_coverageSchema":"1a1c01bbd47fc00a2c39e90264f33305004495a9","hash":"a1ac8e1a49ab58ca5a2e65c43a91e491eea9c76d"}
,"C:\\Users\\korisnik\\Desktop\\Monitor-Mobile-App\\contexts\\authContext.js": {"path":"C:\\Users\\korisnik\\Desktop\\Monitor-Mobile-App\\contexts\\authContext.js","statementMap":{"0":{"start":{"line":3,"column":27},"end":{"line":3,"column":48}},"1":{"start":{"line":5,"column":28},"end":{"line":13,"column":1}},"2":{"start":{"line":6,"column":19},"end":{"line":6,"column":22}},"3":{"start":{"line":8,"column":4},"end":{"line":12,"column":5}}},"fnMap":{"0":{"name":"(anonymous_0)","decl":{"start":{"line":5,"column":28},"end":{"line":5,"column":29}},"loc":{"start":{"line":5,"column":39},"end":{"line":13,"column":1}},"line":5}},"branchMap":{},"s":{"0":2,"1":2,"2":3,"3":3},"f":{"0":3},"b":{},"_coverageSchema":"1a1c01bbd47fc00a2c39e90264f33305004495a9","hash":"502ecc6467293e10b9835936360c023950de4e84"}
,"C:\\Users\\korisnik\\Desktop\\Monitor-Mobile-App\\contexts\\userContext.js": {"path":"C:\\Users\\korisnik\\Desktop\\Monitor-Mobile-App\\contexts\\userContext.js","statementMap":{"0":{"start":{"line":3,"column":20},"end":{"line":3,"column":43}}},"fnMap":{},"branchMap":{},"s":{"0":2},"f":{},"b":{},"_coverageSchema":"1a1c01bbd47fc00a2c39e90264f33305004495a9","hash":"9bd4988bb9ae5f4d41a7a55531a6ca271e0a2eb1"}
,"C:\\Users\\korisnik\\Desktop\\Monitor-Mobile-App\\screens\\AccessControlScreen\\AccessControlScreen.js": {"path":"C:\\Users\\korisnik\\Desktop\\Monitor-Mobile-App\\screens\\AccessControlScreen\\AccessControlScreen.js","statementMap":{"0":{"start":{"line":13,"column":17},"end":{"line":13,"column":20}},"1":{"start":{"line":14,"column":16},"end":{"line":14,"column":117}},"2":{"start":{"line":15,"column":20},"end":{"line":15,"column":25}},"3":{"start":{"line":16,"column":17},"end":{"line":16,"column":19}},"4":{"start":{"line":20,"column":2},"end":{"line":20,"column":30}},"5":{"start":{"line":21,"column":2},"end":{"line":21,"column":32}},"6":{"start":{"line":22,"column":2},"end":{"line":57,"column":3}},"7":{"start":{"line":23,"column":19},"end":{"line":34,"column":6}},"8":{"start":{"line":36,"column":4},"end":{"line":54,"column":5}},"9":{"start":{"line":37,"column":17},"end":{"line":37,"column":38}},"10":{"start":{"line":38,"column":6},"end":{"line":38,"column":35}},"11":{"start":{"line":39,"column":6},"end":{"line":39,"column":27}},"12":{"start":{"line":42,"column":9},"end":{"line":54,"column":5}},"13":{"start":{"line":43,"column":6},"end":{"line":43,"column":33}},"14":{"start":{"line":45,"column":9},"end":{"line":54,"column":5}},"15":{"start":{"line":48,"column":9},"end":{"line":54,"column":5}},"16":{"start":{"line":49,"column":6},"end":{"line":49,"column":47}},"17":{"start":{"line":52,"column":6},"end":{"line":52,"column":48}},"18":{"start":{"line":53,"column":6},"end":{"line":53,"column":50}},"19":{"start":{"line":56,"column":4},"end":{"line":56,"column":25}},"20":{"start":{"line":62,"column":26},"end":{"line":62,"column":39}},"21":{"start":{"line":64,"column":27},"end":{"line":71,"column":1}},"22":{"start":{"line":65,"column":2},"end":{"line":68,"column":3}},"23":{"start":{"line":66,"column":4},"end":{"line":66,"column":54}},"24":{"start":{"line":67,"column":4},"end":{"line":67,"column":11}},"25":{"start":{"line":70,"column":2},"end":{"line":70,"column":45}},"26":{"start":{"line":75,"column":0},"end":{"line":75,"column":22}},"27":{"start":{"line":76,"column":0},"end":{"line":76,"column":14}},"28":{"start":{"line":77,"column":0},"end":{"line":77,"column":14}},"29":{"start":{"line":79,"column":2},"end":{"line":79,"column":24}},"30":{"start":{"line":80,"column":2},"end":{"line":80,"column":30}},"31":{"start":{"line":81,"column":2},"end":{"line":81,"column":61}},"32":{"start":{"line":82,"column":2},"end":{"line":86,"column":5}},"33":{"start":{"line":85,"column":4},"end":{"line":85,"column":23}},"34":{"start":{"line":90,"column":24},"end":{"line":90,"column":53}},"35":{"start":{"line":91,"column":27},"end":{"line":91,"column":52}},"36":{"start":{"line":92,"column":22},"end":{"line":92,"column":54}},"37":{"start":{"line":94,"column":18},"end":{"line":101,"column":3}},"38":{"start":{"line":102,"column":17},"end":{"line":102,"column":46}},"39":{"start":{"line":104,"column":2},"end":{"line":138,"column":4}},"40":{"start":{"line":108,"column":19},"end":{"line":108,"column":40}},"41":{"start":{"line":109,"column":7},"end":{"line":109,"column":49}},"42":{"start":{"line":111,"column":8},"end":{"line":119,"column":9}},"43":{"start":{"line":112,"column":10},"end":{"line":112,"column":61}},"44":{"start":{"line":113,"column":10},"end":{"line":113,"column":31}},"45":{"start":{"line":116,"column":10},"end":{"line":116,"column":27}},"46":{"start":{"line":117,"column":10},"end":{"line":117,"column":32}},"47":{"start":{"line":118,"column":10},"end":{"line":118,"column":31}},"48":{"start":{"line":130,"column":7},"end":{"line":130,"column":35}},"49":{"start":{"line":131,"column":7},"end":{"line":131,"column":35}},"50":{"start":{"line":141,"column":15},"end":{"line":178,"column":2}},"51":{"start":{"line":181,"column":2},"end":{"line":182,"column":20}},"52":{"start":{"line":181,"column":20},"end":{"line":181,"column":32}},"53":{"start":{"line":182,"column":7},"end":{"line":182,"column":20}}},"fnMap":{"0":{"name":"postScreenshot","decl":{"start":{"line":18,"column":15},"end":{"line":18,"column":29}},"loc":{"start":{"line":18,"column":51},"end":{"line":58,"column":1}},"line":18},"1":{"name":"AccessControlScreen","decl":{"start":{"line":61,"column":24},"end":{"line":61,"column":43}},"loc":{"start":{"line":61,"column":58},"end":{"line":139,"column":1}},"line":61},"2":{"name":"(anonymous_2)","decl":{"start":{"line":64,"column":27},"end":{"line":64,"column":28}},"loc":{"start":{"line":64,"column":39},"end":{"line":71,"column":1}},"line":64},"3":{"name":"saveToExpoFileSystem","decl":{"start":{"line":78,"column":15},"end":{"line":78,"column":35}},"loc":{"start":{"line":78,"column":38},"end":{"line":87,"column":1}},"line":78},"4":{"name":"(anonymous_4)","decl":{"start":{"line":84,"column":11},"end":{"line":84,"column":12}},"loc":{"start":{"line":84,"column":22},"end":{"line":86,"column":3}},"line":84},"5":{"name":"(anonymous_5)","decl":{"start":{"line":107,"column":33},"end":{"line":107,"column":34}},"loc":{"start":{"line":107,"column":45},"end":{"line":120,"column":7}},"line":107},"6":{"name":"(anonymous_6)","decl":{"start":{"line":129,"column":51},"end":{"line":129,"column":52}},"loc":{"start":{"line":129,"column":63},"end":{"line":132,"column":8}},"line":129},"7":{"name":"testZaJest","decl":{"start":{"line":180,"column":16},"end":{"line":180,"column":26}},"loc":{"start":{"line":180,"column":33},"end":{"line":183,"column":1}},"line":180}},"branchMap":{"0":{"loc":{"start":{"line":36,"column":4},"end":{"line":54,"column":5}},"type":"if","locations":[{"start":{"line":36,"column":4},"end":{"line":54,"column":5}},{"start":{"line":36,"column":4},"end":{"line":54,"column":5}}],"line":36},"1":{"loc":{"start":{"line":42,"column":9},"end":{"line":54,"column":5}},"type":"if","locations":[{"start":{"line":42,"column":9},"end":{"line":54,"column":5}},{"start":{"line":42,"column":9},"end":{"line":54,"column":5}}],"line":42},"2":{"loc":{"start":{"line":45,"column":9},"end":{"line":54,"column":5}},"type":"if","locations":[{"start":{"line":45,"column":9},"end":{"line":54,"column":5}},{"start":{"line":45,"column":9},"end":{"line":54,"column":5}}],"line":45},"3":{"loc":{"start":{"line":48,"column":9},"end":{"line":54,"column":5}},"type":"if","locations":[{"start":{"line":48,"column":9},"end":{"line":54,"column":5}},{"start":{"line":48,"column":9},"end":{"line":54,"column":5}}],"line":48},"4":{"loc":{"start":{"line":65,"column":2},"end":{"line":68,"column":3}},"type":"if","locations":[{"start":{"line":65,"column":2},"end":{"line":68,"column":3}},{"start":{"line":65,"column":2},"end":{"line":68,"column":3}}],"line":65},"5":{"loc":{"start":{"line":111,"column":8},"end":{"line":119,"column":9}},"type":"if","locations":[{"start":{"line":111,"column":8},"end":{"line":119,"column":9}},{"start":{"line":111,"column":8},"end":{"line":119,"column":9}}],"line":111},"6":{"loc":{"start":{"line":129,"column":7},"end":{"line":134,"column":25}},"type":"binary-expr","locations":[{"start":{"line":129,"column":7},"end":{"line":129,"column":20}},{"start":{"line":129,"column":24},"end":{"line":134,"column":25}}],"line":129},"7":{"loc":{"start":{"line":181,"column":2},"end":{"line":182,"column":20}},"type":"if","locations":[{"start":{"line":181,"column":2},"end":{"line":182,"column":20}},{"start":{"line":181,"column":2},"end":{"line":182,"column":20}}],"line":181}},"s":{"0":1,"1":1,"2":1,"3":1,"4":0,"5":0,"6":0,"7":0,"8":0,"9":0,"10":0,"11":0,"12":0,"13":0,"14":0,"15":0,"16":0,"17":0,"18":0,"19":0,"20":0,"21":0,"22":0,"23":0,"24":0,"25":0,"26":0,"27":0,"28":0,"29":0,"30":0,"31":0,"32":0,"33":0,"34":0,"35":0,"36":0,"37":0,"38":0,"39":0,"40":0,"41":0,"42":0,"43":0,"44":0,"45":0,"46":0,"47":0,"48":0,"49":0,"50":1,"51":2,"52":1,"53":1},"f":{"0":0,"1":0,"2":0,"3":0,"4":0,"5":0,"6":0,"7":2},"b":{"0":[0,0],"1":[0,0],"2":[0,0],"3":[0,0],"4":[0,0],"5":[0,0],"6":[0,0],"7":[1,1]},"_coverageSchema":"1a1c01bbd47fc00a2c39e90264f33305004495a9","hash":"b6c235e3aa459c88cc485a3a6e153b83e0a7c107"}
,"C:\\Users\\korisnik\\Desktop\\Monitor-Mobile-App\\screens\\AccessControlScreen\\components\\ListItem.js": {"path":"C:\\Users\\korisnik\\Desktop\\Monitor-Mobile-App\\screens\\AccessControlScreen\\components\\ListItem.js","statementMap":{"0":{"start":{"line":4,"column":15},"end":{"line":38,"column":2}},"1":{"start":{"line":40,"column":17},"end":{"line":50,"column":1}},"2":{"start":{"line":41,"column":4},"end":{"line":49,"column":11}}},"fnMap":{"0":{"name":"(anonymous_0)","decl":{"start":{"line":40,"column":17},"end":{"line":40,"column":18}},"loc":{"start":{"line":41,"column":4},"end":{"line":49,"column":11}},"line":41}},"branchMap":{},"s":{"0":1,"1":1,"2":0},"f":{"0":0},"b":{},"_coverageSchema":"1a1c01bbd47fc00a2c39e90264f33305004495a9","hash":"96f425de2f77359092e36fc19c512a66f35ce15d"}
,"C:\\Users\\korisnik\\Desktop\\Monitor-Mobile-App\\screens\\AccessControlScreen\\components\\ListItemVertical.js": {"path":"C:\\Users\\korisnik\\Desktop\\Monitor-Mobile-App\\screens\\AccessControlScreen\\components\\ListItemVertical.js","statementMap":{"0":{"start":{"line":19,"column":0},"end":{"line":19,"column":22}},"1":{"start":{"line":20,"column":0},"end":{"line":20,"column":14}},"2":{"start":{"line":21,"column":0},"end":{"line":21,"column":14}},"3":{"start":{"line":22,"column":0},"end":{"line":22,"column":24}},"4":{"start":{"line":25,"column":2},"end":{"line":61,"column":3}},"5":{"start":{"line":26,"column":19},"end":{"line":38,"column":6}},"6":{"start":{"line":39,"column":4},"end":{"line":58,"column":5}},"7":{"start":{"line":40,"column":25},"end":{"line":40,"column":46}},"8":{"start":{"line":41,"column":6},"end":{"line":48,"column":7}},"9":{"start":{"line":42,"column":8},"end":{"line":42,"column":38}},"10":{"start":{"line":43,"column":13},"end":{"line":48,"column":7}},"11":{"start":{"line":44,"column":8},"end":{"line":44,"column":42}},"12":{"start":{"line":45,"column":8},"end":{"line":45,"column":44}},"13":{"start":{"line":46,"column":8},"end":{"line":46,"column":37}},"14":{"start":{"line":47,"column":8},"end":{"line":47,"column":60}},"15":{"start":{"line":47,"column":28},"end":{"line":47,"column":60}},"16":{"start":{"line":49,"column":11},"end":{"line":58,"column":5}},"17":{"start":{"line":50,"column":6},"end":{"line":50,"column":33}},"18":{"start":{"line":51,"column":11},"end":{"line":58,"column":5}},"19":{"start":{"line":53,"column":11},"end":{"line":58,"column":5}},"20":{"start":{"line":54,"column":6},"end":{"line":54,"column":40}},"21":{"start":{"line":56,"column":6},"end":{"line":56,"column":48}},"22":{"start":{"line":57,"column":6},"end":{"line":57,"column":47}},"23":{"start":{"line":60,"column":4},"end":{"line":60,"column":23}},"24":{"start":{"line":65,"column":2},"end":{"line":98,"column":3}},"25":{"start":{"line":66,"column":19},"end":{"line":79,"column":6}},"26":{"start":{"line":80,"column":4},"end":{"line":95,"column":5}},"27":{"start":{"line":81,"column":25},"end":{"line":81,"column":46}},"28":{"start":{"line":82,"column":6},"end":{"line":85,"column":7}},"29":{"start":{"line":84,"column":8},"end":{"line":84,"column":51}},"30":{"start":{"line":86,"column":11},"end":{"line":95,"column":5}},"31":{"start":{"line":87,"column":6},"end":{"line":87,"column":33}},"32":{"start":{"line":88,"column":11},"end":{"line":95,"column":5}},"33":{"start":{"line":90,"column":11},"end":{"line":95,"column":5}},"34":{"start":{"line":91,"column":6},"end":{"line":91,"column":40}},"35":{"start":{"line":93,"column":6},"end":{"line":93,"column":48}},"36":{"start":{"line":94,"column":6},"end":{"line":94,"column":47}},"37":{"start":{"line":97,"column":4},"end":{"line":97,"column":23}},"38":{"start":{"line":102,"column":2},"end":{"line":136,"column":3}},"39":{"start":{"line":103,"column":19},"end":{"line":116,"column":6}},"40":{"start":{"line":117,"column":4},"end":{"line":133,"column":5}},"41":{"start":{"line":118,"column":25},"end":{"line":118,"column":46}},"42":{"start":{"line":119,"column":6},"end":{"line":122,"column":7}},"43":{"start":{"line":121,"column":8},"end":{"line":121,"column":42}},"44":{"start":{"line":123,"column":11},"end":{"line":133,"column":5}},"45":{"start":{"line":124,"column":6},"end":{"line":124,"column":33}},"46":{"start":{"line":125,"column":11},"end":{"line":133,"column":5}},"47":{"start":{"line":126,"column":6},"end":{"line":126,"column":33}},"48":{"start":{"line":127,"column":11},"end":{"line":133,"column":5}},"49":{"start":{"line":129,"column":11},"end":{"line":133,"column":5}},"50":{"start":{"line":130,"column":6},"end":{"line":130,"column":35}},"51":{"start":{"line":132,"column":6},"end":{"line":132,"column":48}},"52":{"start":{"line":135,"column":4},"end":{"line":135,"column":23}},"53":{"start":{"line":140,"column":2},"end":{"line":174,"column":3}},"54":{"start":{"line":141,"column":19},"end":{"line":154,"column":6}},"55":{"start":{"line":155,"column":4},"end":{"line":171,"column":5}},"56":{"start":{"line":156,"column":25},"end":{"line":156,"column":46}},"57":{"start":{"line":157,"column":6},"end":{"line":160,"column":7}},"58":{"start":{"line":159,"column":8},"end":{"line":159,"column":42}},"59":{"start":{"line":161,"column":11},"end":{"line":171,"column":5}},"60":{"start":{"line":162,"column":6},"end":{"line":162,"column":33}},"61":{"start":{"line":163,"column":11},"end":{"line":171,"column":5}},"62":{"start":{"line":164,"column":6},"end":{"line":164,"column":33}},"63":{"start":{"line":165,"column":11},"end":{"line":171,"column":5}},"64":{"start":{"line":167,"column":11},"end":{"line":171,"column":5}},"65":{"start":{"line":168,"column":6},"end":{"line":168,"column":35}},"66":{"start":{"line":170,"column":6},"end":{"line":170,"column":48}},"67":{"start":{"line":173,"column":4},"end":{"line":173,"column":23}},"68":{"start":{"line":178,"column":2},"end":{"line":178,"column":30}},"69":{"start":{"line":179,"column":2},"end":{"line":212,"column":3}},"70":{"start":{"line":181,"column":19},"end":{"line":193,"column":6}},"71":{"start":{"line":194,"column":4},"end":{"line":209,"column":5}},"72":{"start":{"line":195,"column":25},"end":{"line":195,"column":46}},"73":{"start":{"line":196,"column":6},"end":{"line":199,"column":7}},"74":{"start":{"line":198,"column":8},"end":{"line":198,"column":44}},"75":{"start":{"line":200,"column":11},"end":{"line":209,"column":5}},"76":{"start":{"line":201,"column":6},"end":{"line":201,"column":33}},"77":{"start":{"line":202,"column":11},"end":{"line":209,"column":5}},"78":{"start":{"line":204,"column":11},"end":{"line":209,"column":5}},"79":{"start":{"line":205,"column":6},"end":{"line":205,"column":40}},"80":{"start":{"line":207,"column":6},"end":{"line":207,"column":48}},"81":{"start":{"line":208,"column":6},"end":{"line":208,"column":44}},"82":{"start":{"line":211,"column":4},"end":{"line":211,"column":23}},"83":{"start":{"line":217,"column":2},"end":{"line":217,"column":32}},"84":{"start":{"line":218,"column":2},"end":{"line":250,"column":3}},"85":{"start":{"line":219,"column":19},"end":{"line":231,"column":6}},"86":{"start":{"line":232,"column":4},"end":{"line":247,"column":5}},"87":{"start":{"line":233,"column":25},"end":{"line":233,"column":46}},"88":{"start":{"line":234,"column":6},"end":{"line":237,"column":7}},"89":{"start":{"line":236,"column":8},"end":{"line":236,"column":42}},"90":{"start":{"line":238,"column":11},"end":{"line":247,"column":5}},"91":{"start":{"line":239,"column":6},"end":{"line":239,"column":33}},"92":{"start":{"line":240,"column":11},"end":{"line":247,"column":5}},"93":{"start":{"line":242,"column":11},"end":{"line":247,"column":5}},"94":{"start":{"line":243,"column":6},"end":{"line":243,"column":40}},"95":{"start":{"line":245,"column":6},"end":{"line":245,"column":48}},"96":{"start":{"line":246,"column":6},"end":{"line":246,"column":43}},"97":{"start":{"line":249,"column":4},"end":{"line":249,"column":23}},"98":{"start":{"line":256,"column":2},"end":{"line":256,"column":61}},"99":{"start":{"line":257,"column":2},"end":{"line":257,"column":45}},"100":{"start":{"line":258,"column":2},"end":{"line":262,"column":5}},"101":{"start":{"line":261,"column":4},"end":{"line":261,"column":23}},"102":{"start":{"line":266,"column":2},"end":{"line":279,"column":3}},"103":{"start":{"line":267,"column":4},"end":{"line":276,"column":5}},"104":{"start":{"line":268,"column":6},"end":{"line":268,"column":49}},"105":{"start":{"line":270,"column":25},"end":{"line":270,"column":78}},"106":{"start":{"line":271,"column":6},"end":{"line":275,"column":7}},"107":{"start":{"line":272,"column":22},"end":{"line":272,"column":75}},"108":{"start":{"line":273,"column":8},"end":{"line":273,"column":79}},"109":{"start":{"line":274,"column":8},"end":{"line":274,"column":35}},"110":{"start":{"line":278,"column":4},"end":{"line":278,"column":23}},"111":{"start":{"line":282,"column":2},"end":{"line":282,"column":19}},"112":{"start":{"line":284,"column":22},"end":{"line":284,"column":59}},"113":{"start":{"line":285,"column":2},"end":{"line":285,"column":47}},"114":{"start":{"line":286,"column":2},"end":{"line":286,"column":46}},"115":{"start":{"line":286,"column":26},"end":{"line":286,"column":46}},"116":{"start":{"line":287,"column":2},"end":{"line":295,"column":3}},"117":{"start":{"line":288,"column":4},"end":{"line":288,"column":69}},"118":{"start":{"line":290,"column":7},"end":{"line":295,"column":3}},"119":{"start":{"line":291,"column":4},"end":{"line":294,"column":162}},"120":{"start":{"line":292,"column":6},"end":{"line":292,"column":136}},"121":{"start":{"line":294,"column":6},"end":{"line":294,"column":162}},"122":{"start":{"line":301,"column":2},"end":{"line":301,"column":19}},"123":{"start":{"line":303,"column":22},"end":{"line":303,"column":59}},"124":{"start":{"line":304,"column":2},"end":{"line":304,"column":47}},"125":{"start":{"line":305,"column":2},"end":{"line":305,"column":46}},"126":{"start":{"line":305,"column":26},"end":{"line":305,"column":46}},"127":{"start":{"line":306,"column":2},"end":{"line":314,"column":3}},"128":{"start":{"line":307,"column":4},"end":{"line":307,"column":69}},"129":{"start":{"line":309,"column":7},"end":{"line":314,"column":3}},"130":{"start":{"line":310,"column":4},"end":{"line":313,"column":162}},"131":{"start":{"line":311,"column":6},"end":{"line":311,"column":136}},"132":{"start":{"line":313,"column":6},"end":{"line":313,"column":162}},"133":{"start":{"line":318,"column":22},"end":{"line":318,"column":59}},"134":{"start":{"line":319,"column":2},"end":{"line":319,"column":47}},"135":{"start":{"line":320,"column":2},"end":{"line":320,"column":47}},"136":{"start":{"line":320,"column":27},"end":{"line":320,"column":47}},"137":{"start":{"line":321,"column":2},"end":{"line":321,"column":62}},"138":{"start":{"line":325,"column":22},"end":{"line":325,"column":59}},"139":{"start":{"line":326,"column":2},"end":{"line":326,"column":47}},"140":{"start":{"line":327,"column":2},"end":{"line":327,"column":47}},"141":{"start":{"line":327,"column":27},"end":{"line":327,"column":47}},"142":{"start":{"line":328,"column":2},"end":{"line":332,"column":3}},"143":{"start":{"line":329,"column":4},"end":{"line":329,"column":59}},"144":{"start":{"line":330,"column":9},"end":{"line":332,"column":3}},"145":{"start":{"line":331,"column":4},"end":{"line":331,"column":61}},"146":{"start":{"line":336,"column":2},"end":{"line":336,"column":40}},"147":{"start":{"line":337,"column":25},"end":{"line":337,"column":65}},"148":{"start":{"line":338,"column":2},"end":{"line":338,"column":53}},"149":{"start":{"line":339,"column":2},"end":{"line":339,"column":53}},"150":{"start":{"line":339,"column":30},"end":{"line":339,"column":53}},"151":{"start":{"line":341,"column":25},"end":{"line":341,"column":65}},"152":{"start":{"line":342,"column":2},"end":{"line":342,"column":53}},"153":{"start":{"line":343,"column":2},"end":{"line":343,"column":53}},"154":{"start":{"line":343,"column":30},"end":{"line":343,"column":53}},"155":{"start":{"line":345,"column":2},"end":{"line":345,"column":72}},"156":{"start":{"line":349,"column":2},"end":{"line":349,"column":40}},"157":{"start":{"line":350,"column":25},"end":{"line":350,"column":65}},"158":{"start":{"line":351,"column":2},"end":{"line":351,"column":53}},"159":{"start":{"line":352,"column":2},"end":{"line":352,"column":53}},"160":{"start":{"line":352,"column":30},"end":{"line":352,"column":53}},"161":{"start":{"line":354,"column":25},"end":{"line":354,"column":65}},"162":{"start":{"line":355,"column":2},"end":{"line":355,"column":53}},"163":{"start":{"line":356,"column":2},"end":{"line":356,"column":53}},"164":{"start":{"line":356,"column":30},"end":{"line":356,"column":53}},"165":{"start":{"line":358,"column":2},"end":{"line":358,"column":72}},"166":{"start":{"line":368,"column":26},"end":{"line":368,"column":55}},"167":{"start":{"line":369,"column":17},"end":{"line":369,"column":46}},"168":{"start":{"line":370,"column":21},"end":{"line":370,"column":36}},"169":{"start":{"line":371,"column":2},"end":{"line":396,"column":4}},"170":{"start":{"line":374,"column":20},"end":{"line":374,"column":41}},"171":{"start":{"line":375,"column":8},"end":{"line":383,"column":10}},"172":{"start":{"line":399,"column":15},"end":{"line":432,"column":2}}},"fnMap":{"0":{"name":"getFile","decl":{"start":{"line":24,"column":15},"end":{"line":24,"column":22}},"loc":{"start":{"line":24,"column":69},"end":{"line":62,"column":1}},"line":24},"1":{"name":"rename","decl":{"start":{"line":64,"column":15},"end":{"line":64,"column":21}},"loc":{"start":{"line":64,"column":60},"end":{"line":99,"column":1}},"line":64},"2":{"name":"move","decl":{"start":{"line":101,"column":15},"end":{"line":101,"column":19}},"loc":{"start":{"line":101,"column":61},"end":{"line":137,"column":1}},"line":101},"3":{"name":"copy","decl":{"start":{"line":139,"column":15},"end":{"line":139,"column":19}},"loc":{"start":{"line":139,"column":61},"end":{"line":175,"column":1}},"line":139},"4":{"name":"deleteFile","decl":{"start":{"line":177,"column":15},"end":{"line":177,"column":25}},"loc":{"start":{"line":177,"column":55},"end":{"line":213,"column":1}},"line":177},"5":{"name":"deleteFolder","decl":{"start":{"line":216,"column":15},"end":{"line":216,"column":27}},"loc":{"start":{"line":216,"column":57},"end":{"line":251,"column":1}},"line":216},"6":{"name":"saveToExpoFileSystem","decl":{"start":{"line":255,"column":15},"end":{"line":255,"column":35}},"loc":{"start":{"line":255,"column":38},"end":{"line":263,"column":1}},"line":255},"7":{"name":"(anonymous_7)","decl":{"start":{"line":260,"column":11},"end":{"line":260,"column":12}},"loc":{"start":{"line":260,"column":22},"end":{"line":262,"column":3}},"line":260},"8":{"name":"copyFromExpoFSToLocalFS","decl":{"start":{"line":265,"column":15},"end":{"line":265,"column":38}},"loc":{"start":{"line":265,"column":41},"end":{"line":280,"column":1}},"line":265},"9":{"name":"downloadFile","decl":{"start":{"line":281,"column":22},"end":{"line":281,"column":34}},"loc":{"start":{"line":281,"column":147},"end":{"line":296,"column":1}},"line":281},"10":{"name":"shareFile","decl":{"start":{"line":300,"column":22},"end":{"line":300,"column":31}},"loc":{"start":{"line":300,"column":144},"end":{"line":315,"column":1}},"line":300},"11":{"name":"renameFileFolder","decl":{"start":{"line":317,"column":22},"end":{"line":317,"column":38}},"loc":{"start":{"line":317,"column":77},"end":{"line":322,"column":1}},"line":317},"12":{"name":"deleteFileFolder","decl":{"start":{"line":324,"column":22},"end":{"line":324,"column":38}},"loc":{"start":{"line":324,"column":74},"end":{"line":333,"column":1}},"line":324},"13":{"name":"copyFileFolder","decl":{"start":{"line":335,"column":22},"end":{"line":335,"column":36}},"loc":{"start":{"line":335,"column":78},"end":{"line":346,"column":1}},"line":335},"14":{"name":"moveFileFolder","decl":{"start":{"line":348,"column":22},"end":{"line":348,"column":36}},"loc":{"start":{"line":348,"column":78},"end":{"line":359,"column":1}},"line":348},"15":{"name":"ListItemVertical","decl":{"start":{"line":361,"column":24},"end":{"line":361,"column":40}},"loc":{"start":{"line":367,"column":3},"end":{"line":397,"column":1}},"line":367},"16":{"name":"(anonymous_16)","decl":{"start":{"line":373,"column":15},"end":{"line":373,"column":16}},"loc":{"start":{"line":373,"column":27},"end":{"line":384,"column":7}},"line":373}},"branchMap":{"0":{"loc":{"start":{"line":39,"column":4},"end":{"line":58,"column":5}},"type":"if","locations":[{"start":{"line":39,"column":4},"end":{"line":58,"column":5}},{"start":{"line":39,"column":4},"end":{"line":58,"column":5}}],"line":39},"1":{"loc":{"start":{"line":41,"column":6},"end":{"line":48,"column":7}},"type":"if","locations":[{"start":{"line":41,"column":6},"end":{"line":48,"column":7}},{"start":{"line":41,"column":6},"end":{"line":48,"column":7}}],"line":41},"2":{"loc":{"start":{"line":43,"column":13},"end":{"line":48,"column":7}},"type":"if","locations":[{"start":{"line":43,"column":13},"end":{"line":48,"column":7}},{"start":{"line":43,"column":13},"end":{"line":48,"column":7}}],"line":43},"3":{"loc":{"start":{"line":47,"column":8},"end":{"line":47,"column":60}},"type":"if","locations":[{"start":{"line":47,"column":8},"end":{"line":47,"column":60}},{"start":{"line":47,"column":8},"end":{"line":47,"column":60}}],"line":47},"4":{"loc":{"start":{"line":49,"column":11},"end":{"line":58,"column":5}},"type":"if","locations":[{"start":{"line":49,"column":11},"end":{"line":58,"column":5}},{"start":{"line":49,"column":11},"end":{"line":58,"column":5}}],"line":49},"5":{"loc":{"start":{"line":51,"column":11},"end":{"line":58,"column":5}},"type":"if","locations":[{"start":{"line":51,"column":11},"end":{"line":58,"column":5}},{"start":{"line":51,"column":11},"end":{"line":58,"column":5}}],"line":51},"6":{"loc":{"start":{"line":53,"column":11},"end":{"line":58,"column":5}},"type":"if","locations":[{"start":{"line":53,"column":11},"end":{"line":58,"column":5}},{"start":{"line":53,"column":11},"end":{"line":58,"column":5}}],"line":53},"7":{"loc":{"start":{"line":80,"column":4},"end":{"line":95,"column":5}},"type":"if","locations":[{"start":{"line":80,"column":4},"end":{"line":95,"column":5}},{"start":{"line":80,"column":4},"end":{"line":95,"column":5}}],"line":80},"8":{"loc":{"start":{"line":82,"column":6},"end":{"line":85,"column":7}},"type":"if","locations":[{"start":{"line":82,"column":6},"end":{"line":85,"column":7}},{"start":{"line":82,"column":6},"end":{"line":85,"column":7}}],"line":82},"9":{"loc":{"start":{"line":86,"column":11},"end":{"line":95,"column":5}},"type":"if","locations":[{"start":{"line":86,"column":11},"end":{"line":95,"column":5}},{"start":{"line":86,"column":11},"end":{"line":95,"column":5}}],"line":86},"10":{"loc":{"start":{"line":88,"column":11},"end":{"line":95,"column":5}},"type":"if","locations":[{"start":{"line":88,"column":11},"end":{"line":95,"column":5}},{"start":{"line":88,"column":11},"end":{"line":95,"column":5}}],"line":88},"11":{"loc":{"start":{"line":90,"column":11},"end":{"line":95,"column":5}},"type":"if","locations":[{"start":{"line":90,"column":11},"end":{"line":95,"column":5}},{"start":{"line":90,"column":11},"end":{"line":95,"column":5}}],"line":90},"12":{"loc":{"start":{"line":117,"column":4},"end":{"line":133,"column":5}},"type":"if","locations":[{"start":{"line":117,"column":4},"end":{"line":133,"column":5}},{"start":{"line":117,"column":4},"end":{"line":133,"column":5}}],"line":117},"13":{"loc":{"start":{"line":119,"column":6},"end":{"line":122,"column":7}},"type":"if","locations":[{"start":{"line":119,"column":6},"end":{"line":122,"column":7}},{"start":{"line":119,"column":6},"end":{"line":122,"column":7}}],"line":119},"14":{"loc":{"start":{"line":123,"column":11},"end":{"line":133,"column":5}},"type":"if","locations":[{"start":{"line":123,"column":11},"end":{"line":133,"column":5}},{"start":{"line":123,"column":11},"end":{"line":133,"column":5}}],"line":123},"15":{"loc":{"start":{"line":125,"column":11},"end":{"line":133,"column":5}},"type":"if","locations":[{"start":{"line":125,"column":11},"end":{"line":133,"column":5}},{"start":{"line":125,"column":11},"end":{"line":133,"column":5}}],"line":125},"16":{"loc":{"start":{"line":127,"column":11},"end":{"line":133,"column":5}},"type":"if","locations":[{"start":{"line":127,"column":11},"end":{"line":133,"column":5}},{"start":{"line":127,"column":11},"end":{"line":133,"column":5}}],"line":127},"17":{"loc":{"start":{"line":129,"column":11},"end":{"line":133,"column":5}},"type":"if","locations":[{"start":{"line":129,"column":11},"end":{"line":133,"column":5}},{"start":{"line":129,"column":11},"end":{"line":133,"column":5}}],"line":129},"18":{"loc":{"start":{"line":155,"column":4},"end":{"line":171,"column":5}},"type":"if","locations":[{"start":{"line":155,"column":4},"end":{"line":171,"column":5}},{"start":{"line":155,"column":4},"end":{"line":171,"column":5}}],"line":155},"19":{"loc":{"start":{"line":157,"column":6},"end":{"line":160,"column":7}},"type":"if","locations":[{"start":{"line":157,"column":6},"end":{"line":160,"column":7}},{"start":{"line":157,"column":6},"end":{"line":160,"column":7}}],"line":157},"20":{"loc":{"start":{"line":161,"column":11},"end":{"line":171,"column":5}},"type":"if","locations":[{"start":{"line":161,"column":11},"end":{"line":171,"column":5}},{"start":{"line":161,"column":11},"end":{"line":171,"column":5}}],"line":161},"21":{"loc":{"start":{"line":163,"column":11},"end":{"line":171,"column":5}},"type":"if","locations":[{"start":{"line":163,"column":11},"end":{"line":171,"column":5}},{"start":{"line":163,"column":11},"end":{"line":171,"column":5}}],"line":163},"22":{"loc":{"start":{"line":165,"column":11},"end":{"line":171,"column":5}},"type":"if","locations":[{"start":{"line":165,"column":11},"end":{"line":171,"column":5}},{"start":{"line":165,"column":11},"end":{"line":171,"column":5}}],"line":165},"23":{"loc":{"start":{"line":167,"column":11},"end":{"line":171,"column":5}},"type":"if","locations":[{"start":{"line":167,"column":11},"end":{"line":171,"column":5}},{"start":{"line":167,"column":11},"end":{"line":171,"column":5}}],"line":167},"24":{"loc":{"start":{"line":194,"column":4},"end":{"line":209,"column":5}},"type":"if","locations":[{"start":{"line":194,"column":4},"end":{"line":209,"column":5}},{"start":{"line":194,"column":4},"end":{"line":209,"column":5}}],"line":194},"25":{"loc":{"start":{"line":196,"column":6},"end":{"line":199,"column":7}},"type":"if","locations":[{"start":{"line":196,"column":6},"end":{"line":199,"column":7}},{"start":{"line":196,"column":6},"end":{"line":199,"column":7}}],"line":196},"26":{"loc":{"start":{"line":200,"column":11},"end":{"line":209,"column":5}},"type":"if","locations":[{"start":{"line":200,"column":11},"end":{"line":209,"column":5}},{"start":{"line":200,"column":11},"end":{"line":209,"column":5}}],"line":200},"27":{"loc":{"start":{"line":202,"column":11},"end":{"line":209,"column":5}},"type":"if","locations":[{"start":{"line":202,"column":11},"end":{"line":209,"column":5}},{"start":{"line":202,"column":11},"end":{"line":209,"column":5}}],"line":202},"28":{"loc":{"start":{"line":204,"column":11},"end":{"line":209,"column":5}},"type":"if","locations":[{"start":{"line":204,"column":11},"end":{"line":209,"column":5}},{"start":{"line":204,"column":11},"end":{"line":209,"column":5}}],"line":204},"29":{"loc":{"start":{"line":232,"column":4},"end":{"line":247,"column":5}},"type":"if","locations":[{"start":{"line":232,"column":4},"end":{"line":247,"column":5}},{"start":{"line":232,"column":4},"end":{"line":247,"column":5}}],"line":232},"30":{"loc":{"start":{"line":234,"column":6},"end":{"line":237,"column":7}},"type":"if","locations":[{"start":{"line":234,"column":6},"end":{"line":237,"column":7}},{"start":{"line":234,"column":6},"end":{"line":237,"column":7}}],"line":234},"31":{"loc":{"start":{"line":238,"column":11},"end":{"line":247,"column":5}},"type":"if","locations":[{"start":{"line":238,"column":11},"end":{"line":247,"column":5}},{"start":{"line":238,"column":11},"end":{"line":247,"column":5}}],"line":238},"32":{"loc":{"start":{"line":240,"column":11},"end":{"line":247,"column":5}},"type":"if","locations":[{"start":{"line":240,"column":11},"end":{"line":247,"column":5}},{"start":{"line":240,"column":11},"end":{"line":247,"column":5}}],"line":240},"33":{"loc":{"start":{"line":242,"column":11},"end":{"line":247,"column":5}},"type":"if","locations":[{"start":{"line":242,"column":11},"end":{"line":247,"column":5}},{"start":{"line":242,"column":11},"end":{"line":247,"column":5}}],"line":242},"34":{"loc":{"start":{"line":267,"column":4},"end":{"line":276,"column":5}},"type":"if","locations":[{"start":{"line":267,"column":4},"end":{"line":276,"column":5}},{"start":{"line":267,"column":4},"end":{"line":276,"column":5}}],"line":267},"35":{"loc":{"start":{"line":271,"column":6},"end":{"line":275,"column":7}},"type":"if","locations":[{"start":{"line":271,"column":6},"end":{"line":275,"column":7}},{"start":{"line":271,"column":6},"end":{"line":275,"column":7}}],"line":271},"36":{"loc":{"start":{"line":281,"column":124},"end":{"line":281,"column":146}},"type":"default-arg","locations":[{"start":{"line":281,"column":142},"end":{"line":281,"column":146}}],"line":281},"37":{"loc":{"start":{"line":286,"column":2},"end":{"line":286,"column":46}},"type":"if","locations":[{"start":{"line":286,"column":2},"end":{"line":286,"column":46}},{"start":{"line":286,"column":2},"end":{"line":286,"column":46}}],"line":286},"38":{"loc":{"start":{"line":287,"column":2},"end":{"line":295,"column":3}},"type":"if","locations":[{"start":{"line":287,"column":2},"end":{"line":295,"column":3}},{"start":{"line":287,"column":2},"end":{"line":295,"column":3}}],"line":287},"39":{"loc":{"start":{"line":290,"column":7},"end":{"line":295,"column":3}},"type":"if","locations":[{"start":{"line":290,"column":7},"end":{"line":295,"column":3}},{"start":{"line":290,"column":7},"end":{"line":295,"column":3}}],"line":290},"40":{"loc":{"start":{"line":291,"column":4},"end":{"line":294,"column":162}},"type":"if","locations":[{"start":{"line":291,"column":4},"end":{"line":294,"column":162}},{"start":{"line":291,"column":4},"end":{"line":294,"column":162}}],"line":291},"41":{"loc":{"start":{"line":300,"column":121},"end":{"line":300,"column":143}},"type":"default-arg","locations":[{"start":{"line":300,"column":139},"end":{"line":300,"column":143}}],"line":300},"42":{"loc":{"start":{"line":305,"column":2},"end":{"line":305,"column":46}},"type":"if","locations":[{"start":{"line":305,"column":2},"end":{"line":305,"column":46}},{"start":{"line":305,"column":2},"end":{"line":305,"column":46}}],"line":305},"43":{"loc":{"start":{"line":306,"column":2},"end":{"line":314,"column":3}},"type":"if","locations":[{"start":{"line":306,"column":2},"end":{"line":314,"column":3}},{"start":{"line":306,"column":2},"end":{"line":314,"column":3}}],"line":306},"44":{"loc":{"start":{"line":309,"column":7},"end":{"line":314,"column":3}},"type":"if","locations":[{"start":{"line":309,"column":7},"end":{"line":314,"column":3}},{"start":{"line":309,"column":7},"end":{"line":314,"column":3}}],"line":309},"45":{"loc":{"start":{"line":310,"column":4},"end":{"line":313,"column":162}},"type":"if","locations":[{"start":{"line":310,"column":4},"end":{"line":313,"column":162}},{"start":{"line":310,"column":4},"end":{"line":313,"column":162}}],"line":310},"46":{"loc":{"start":{"line":320,"column":2},"end":{"line":320,"column":47}},"type":"if","locations":[{"start":{"line":320,"column":2},"end":{"line":320,"column":47}},{"start":{"line":320,"column":2},"end":{"line":320,"column":47}}],"line":320},"47":{"loc":{"start":{"line":327,"column":2},"end":{"line":327,"column":47}},"type":"if","locations":[{"start":{"line":327,"column":2},"end":{"line":327,"column":47}},{"start":{"line":327,"column":2},"end":{"line":327,"column":47}}],"line":327},"48":{"loc":{"start":{"line":328,"column":2},"end":{"line":332,"column":3}},"type":"if","locations":[{"start":{"line":328,"column":2},"end":{"line":332,"column":3}},{"start":{"line":328,"column":2},"end":{"line":332,"column":3}}],"line":328},"49":{"loc":{"start":{"line":330,"column":9},"end":{"line":332,"column":3}},"type":"if","locations":[{"start":{"line":330,"column":9},"end":{"line":332,"column":3}},{"start":{"line":330,"column":9},"end":{"line":332,"column":3}}],"line":330},"50":{"loc":{"start":{"line":339,"column":2},"end":{"line":339,"column":53}},"type":"if","locations":[{"start":{"line":339,"column":2},"end":{"line":339,"column":53}},{"start":{"line":339,"column":2},"end":{"line":339,"column":53}}],"line":339},"51":{"loc":{"start":{"line":343,"column":2},"end":{"line":343,"column":53}},"type":"if","locations":[{"start":{"line":343,"column":2},"end":{"line":343,"column":53}},{"start":{"line":343,"column":2},"end":{"line":343,"column":53}}],"line":343},"52":{"loc":{"start":{"line":352,"column":2},"end":{"line":352,"column":53}},"type":"if","locations":[{"start":{"line":352,"column":2},"end":{"line":352,"column":53}},{"start":{"line":352,"column":2},"end":{"line":352,"column":53}}],"line":352},"53":{"loc":{"start":{"line":356,"column":2},"end":{"line":356,"column":53}},"type":"if","locations":[{"start":{"line":356,"column":2},"end":{"line":356,"column":53}},{"start":{"line":356,"column":2},"end":{"line":356,"column":53}}],"line":356}},"s":{"0":1,"1":1,"2":1,"3":1,"4":0,"5":0,"6":0,"7":0,"8":0,"9":0,"10":0,"11":0,"12":0,"13":0,"14":0,"15":0,"16":0,"17":0,"18":0,"19":0,"20":0,"21":0,"22":0,"23":0,"24":0,"25":0,"26":0,"27":0,"28":0,"29":0,"30":0,"31":0,"32":0,"33":0,"34":0,"35":0,"36":0,"37":0,"38":0,"39":0,"40":0,"41":0,"42":0,"43":0,"44":0,"45":0,"46":0,"47":0,"48":0,"49":0,"50":0,"51":0,"52":0,"53":0,"54":0,"55":0,"56":0,"57":0,"58":0,"59":0,"60":0,"61":0,"62":0,"63":0,"64":0,"65":0,"66":0,"67":0,"68":0,"69":0,"70":0,"71":0,"72":0,"73":0,"74":0,"75":0,"76":0,"77":0,"78":0,"79":0,"80":0,"81":0,"82":0,"83":0,"84":0,"85":0,"86":0,"87":0,"88":0,"89":0,"90":0,"91":0,"92":0,"93":0,"94":0,"95":0,"96":0,"97":0,"98":0,"99":0,"100":0,"101":0,"102":0,"103":0,"104":0,"105":0,"106":0,"107":0,"108":0,"109":0,"110":0,"111":0,"112":0,"113":0,"114":0,"115":0,"116":0,"117":0,"118":0,"119":0,"120":0,"121":0,"122":0,"123":0,"124":0,"125":0,"126":0,"127":0,"128":0,"129":0,"130":0,"131":0,"132":0,"133":0,"134":0,"135":0,"136":0,"137":0,"138":0,"139":0,"140":0,"141":0,"142":0,"143":0,"144":0,"145":0,"146":0,"147":0,"148":0,"149":0,"150":0,"151":0,"152":0,"153":0,"154":0,"155":0,"156":0,"157":0,"158":0,"159":0,"160":0,"161":0,"162":0,"163":0,"164":0,"165":0,"166":0,"167":0,"168":0,"169":0,"170":0,"171":0,"172":1},"f":{"0":0,"1":0,"2":0,"3":0,"4":0,"5":0,"6":0,"7":0,"8":0,"9":0,"10":0,"11":0,"12":0,"13":0,"14":0,"15":0,"16":0},"b":{"0":[0,0],"1":[0,0],"2":[0,0],"3":[0,0],"4":[0,0],"5":[0,0],"6":[0,0],"7":[0,0],"8":[0,0],"9":[0,0],"10":[0,0],"11":[0,0],"12":[0,0],"13":[0,0],"14":[0,0],"15":[0,0],"16":[0,0],"17":[0,0],"18":[0,0],"19":[0,0],"20":[0,0],"21":[0,0],"22":[0,0],"23":[0,0],"24":[0,0],"25":[0,0],"26":[0,0],"27":[0,0],"28":[0,0],"29":[0,0],"30":[0,0],"31":[0,0],"32":[0,0],"33":[0,0],"34":[0,0],"35":[0,0],"36":[0],"37":[0,0],"38":[0,0],"39":[0,0],"40":[0,0],"41":[0],"42":[0,0],"43":[0,0],"44":[0,0],"45":[0,0],"46":[0,0],"47":[0,0],"48":[0,0],"49":[0,0],"50":[0,0],"51":[0,0],"52":[0,0],"53":[0,0]},"_coverageSchema":"1a1c01bbd47fc00a2c39e90264f33305004495a9","hash":"01ee688bebd541353130abca84e5d272d6917f53"}
,"C:\\Users\\korisnik\\Desktop\\Monitor-Mobile-App\\screens\\AccessControlScreen\\components\\ListView.js": {"path":"C:\\Users\\korisnik\\Desktop\\Monitor-Mobile-App\\screens\\AccessControlScreen\\components\\ListView.js","statementMap":{"0":{"start":{"line":6,"column":15},"end":{"line":10,"column":2}},"1":{"start":{"line":13,"column":17},"end":{"line":28,"column":1}},"2":{"start":{"line":14,"column":4},"end":{"line":27,"column":11}},"3":{"start":{"line":18,"column":16},"end":{"line":22,"column":18}}},"fnMap":{"0":{"name":"(anonymous_0)","decl":{"start":{"line":13,"column":17},"end":{"line":13,"column":18}},"loc":{"start":{"line":14,"column":4},"end":{"line":27,"column":11}},"line":14},"1":{"name":"(anonymous_1)","decl":{"start":{"line":17,"column":24},"end":{"line":17,"column":25}},"loc":{"start":{"line":17,"column":38},"end":{"line":24,"column":13}},"line":17}},"branchMap":{},"s":{"0":1,"1":1,"2":0,"3":0},"f":{"0":0,"1":0},"b":{},"_coverageSchema":"1a1c01bbd47fc00a2c39e90264f33305004495a9","hash":"9dce9a754e44d0f0262947621ce614d79fdb9873"}
,"C:\\Users\\korisnik\\Desktop\\Monitor-Mobile-App\\screens\\AccessControlScreen\\components\\ListViewVertical.js": {"path":"C:\\Users\\korisnik\\Desktop\\Monitor-Mobile-App\\screens\\AccessControlScreen\\components\\ListViewVertical.js","statementMap":{"0":{"start":{"line":33,"column":26},"end":{"line":33,"column":66}},"1":{"start":{"line":34,"column":24},"end":{"line":34,"column":65}},"2":{"start":{"line":35,"column":20},"end":{"line":35,"column":24}},"3":{"start":{"line":36,"column":20},"end":{"line":36,"column":24}},"4":{"start":{"line":39,"column":46},"end":{"line":39,"column":60}},"5":{"start":{"line":40,"column":4},"end":{"line":46,"column":7}},"6":{"start":{"line":41,"column":8},"end":{"line":45,"column":9}},"7":{"start":{"line":41,"column":32},"end":{"line":41,"column":42}},"8":{"start":{"line":42,"column":12},"end":{"line":42,"column":35}},"9":{"start":{"line":44,"column":12},"end":{"line":44,"column":36}},"10":{"start":{"line":47,"column":4},"end":{"line":47,"column":25}},"11":{"start":{"line":51,"column":28},"end":{"line":51,"column":57}},"12":{"start":{"line":52,"column":19},"end":{"line":52,"column":48}},"13":{"start":{"line":53,"column":23},"end":{"line":53,"column":38}},"14":{"start":{"line":54,"column":46},"end":{"line":54,"column":67}},"15":{"start":{"line":55,"column":40},"end":{"line":55,"column":62}},"16":{"start":{"line":56,"column":30},"end":{"line":56,"column":42}},"17":{"start":{"line":57,"column":26},"end":{"line":57,"column":51}},"18":{"start":{"line":58,"column":34},"end":{"line":58,"column":49}},"19":{"start":{"line":59,"column":40},"end":{"line":59,"column":52}},"20":{"start":{"line":61,"column":50},"end":{"line":61,"column":65}},"21":{"start":{"line":62,"column":48},"end":{"line":62,"column":63}},"22":{"start":{"line":63,"column":54},"end":{"line":63,"column":69}},"23":{"start":{"line":65,"column":36},"end":{"line":65,"column":48}},"24":{"start":{"line":66,"column":42},"end":{"line":66,"column":60}},"25":{"start":{"line":67,"column":28},"end":{"line":67,"column":40}},"26":{"start":{"line":69,"column":4},"end":{"line":75,"column":7}},"27":{"start":{"line":70,"column":8},"end":{"line":70,"column":27}},"28":{"start":{"line":71,"column":8},"end":{"line":71,"column":34}},"29":{"start":{"line":72,"column":8},"end":{"line":72,"column":40}},"30":{"start":{"line":73,"column":8},"end":{"line":73,"column":34}},"31":{"start":{"line":74,"column":8},"end":{"line":74,"column":52}},"32":{"start":{"line":77,"column":29},"end":{"line":79,"column":5}},"33":{"start":{"line":78,"column":8},"end":{"line":78,"column":31}},"34":{"start":{"line":81,"column":31},"end":{"line":83,"column":5}},"35":{"start":{"line":82,"column":8},"end":{"line":82,"column":32}},"36":{"start":{"line":85,"column":25},"end":{"line":94,"column":5}},"37":{"start":{"line":86,"column":8},"end":{"line":93,"column":10}},"38":{"start":{"line":88,"column":16},"end":{"line":90,"column":17}},"39":{"start":{"line":89,"column":20},"end":{"line":89,"column":45}},"40":{"start":{"line":91,"column":16},"end":{"line":91,"column":25}},"41":{"start":{"line":96,"column":27},"end":{"line":103,"column":5}},"42":{"start":{"line":97,"column":8},"end":{"line":102,"column":10}},"43":{"start":{"line":99,"column":16},"end":{"line":99,"column":35}},"44":{"start":{"line":100,"column":16},"end":{"line":100,"column":25}},"45":{"start":{"line":105,"column":20},"end":{"line":115,"column":5}},"46":{"start":{"line":106,"column":8},"end":{"line":114,"column":9}},"47":{"start":{"line":107,"column":12},"end":{"line":107,"column":31}},"48":{"start":{"line":109,"column":12},"end":{"line":109,"column":52}},"49":{"start":{"line":111,"column":24},"end":{"line":111,"column":45}},"50":{"start":{"line":112,"column":12},"end":{"line":112,"column":64}},"51":{"start":{"line":113,"column":12},"end":{"line":113,"column":165}},"52":{"start":{"line":117,"column":24},"end":{"line":121,"column":5}},"53":{"start":{"line":118,"column":8},"end":{"line":120,"column":9}},"54":{"start":{"line":119,"column":12},"end":{"line":119,"column":31}},"55":{"start":{"line":124,"column":23},"end":{"line":126,"column":5}},"56":{"start":{"line":125,"column":8},"end":{"line":125,"column":25}},"57":{"start":{"line":128,"column":25},"end":{"line":130,"column":5}},"58":{"start":{"line":129,"column":8},"end":{"line":129,"column":26}},"59":{"start":{"line":132,"column":21},"end":{"line":139,"column":5}},"60":{"start":{"line":133,"column":20},"end":{"line":133,"column":41}},"61":{"start":{"line":134,"column":8},"end":{"line":134,"column":71}},"62":{"start":{"line":135,"column":8},"end":{"line":135,"column":26}},"63":{"start":{"line":136,"column":8},"end":{"line":136,"column":25}},"64":{"start":{"line":137,"column":8},"end":{"line":137,"column":25}},"65":{"start":{"line":138,"column":8},"end":{"line":138,"column":43}},"66":{"start":{"line":141,"column":19},"end":{"line":157,"column":5}},"67":{"start":{"line":143,"column":34},"end":{"line":143,"column":35}},"68":{"start":{"line":144,"column":8},"end":{"line":149,"column":9}},"69":{"start":{"line":144,"column":21},"end":{"line":144,"column":22}},"70":{"start":{"line":145,"column":12},"end":{"line":148,"column":13}},"71":{"start":{"line":146,"column":16},"end":{"line":146,"column":40}},"72":{"start":{"line":147,"column":16},"end":{"line":147,"column":38}},"73":{"start":{"line":151,"column":8},"end":{"line":156,"column":9}},"74":{"start":{"line":152,"column":12},"end":{"line":152,"column":43}},"75":{"start":{"line":153,"column":12},"end":{"line":153,"column":46}},"76":{"start":{"line":154,"column":12},"end":{"line":154,"column":39}},"77":{"start":{"line":155,"column":12},"end":{"line":155,"column":25}},"78":{"start":{"line":160,"column":8},"end":{"line":160,"column":32}},"79":{"start":{"line":161,"column":8},"end":{"line":161,"column":32}},"80":{"start":{"line":163,"column":21},"end":{"line":163,"column":26}},"81":{"start":{"line":164,"column":8},"end":{"line":168,"column":9}},"82":{"start":{"line":164,"column":21},"end":{"line":164,"column":22}},"83":{"start":{"line":165,"column":12},"end":{"line":167,"column":13}},"84":{"start":{"line":166,"column":16},"end":{"line":166,"column":30}},"85":{"start":{"line":169,"column":8},"end":{"line":206,"column":9}},"86":{"start":{"line":170,"column":12},"end":{"line":170,"column":50}},"87":{"start":{"line":172,"column":12},"end":{"line":172,"column":36}},"88":{"start":{"line":173,"column":26},"end":{"line":173,"column":75}},"89":{"start":{"line":174,"column":24},"end":{"line":174,"column":45}},"90":{"start":{"line":175,"column":12},"end":{"line":175,"column":46}},"91":{"start":{"line":176,"column":29},"end":{"line":188,"column":14}},"92":{"start":{"line":189,"column":12},"end":{"line":205,"column":13}},"93":{"start":{"line":190,"column":16},"end":{"line":190,"column":53}},"94":{"start":{"line":191,"column":16},"end":{"line":191,"column":33}},"95":{"start":{"line":192,"column":16},"end":{"line":192,"column":51}},"96":{"start":{"line":197,"column":19},"end":{"line":205,"column":13}},"97":{"start":{"line":198,"column":16},"end":{"line":198,"column":43}},"98":{"start":{"line":199,"column":19},"end":{"line":205,"column":13}},"99":{"start":{"line":202,"column":16},"end":{"line":202,"column":56}},"100":{"start":{"line":203,"column":16},"end":{"line":203,"column":57}},"101":{"start":{"line":204,"column":16},"end":{"line":204,"column":55}},"102":{"start":{"line":209,"column":17},"end":{"line":224,"column":5}},"103":{"start":{"line":211,"column":34},"end":{"line":211,"column":35}},"104":{"start":{"line":212,"column":8},"end":{"line":217,"column":9}},"105":{"start":{"line":212,"column":21},"end":{"line":212,"column":22}},"106":{"start":{"line":213,"column":12},"end":{"line":216,"column":13}},"107":{"start":{"line":214,"column":16},"end":{"line":214,"column":40}},"108":{"start":{"line":215,"column":16},"end":{"line":215,"column":38}},"109":{"start":{"line":220,"column":8},"end":{"line":223,"column":9}},"110":{"start":{"line":222,"column":12},"end":{"line":222,"column":151}},"111":{"start":{"line":226,"column":20},"end":{"line":253,"column":5}},"112":{"start":{"line":228,"column":34},"end":{"line":228,"column":35}},"113":{"start":{"line":229,"column":8},"end":{"line":234,"column":9}},"114":{"start":{"line":229,"column":21},"end":{"line":229,"column":22}},"115":{"start":{"line":230,"column":12},"end":{"line":233,"column":13}},"116":{"start":{"line":231,"column":16},"end":{"line":231,"column":40}},"117":{"start":{"line":232,"column":16},"end":{"line":232,"column":38}},"118":{"start":{"line":235,"column":8},"end":{"line":252,"column":9}},"119":{"start":{"line":236,"column":38},"end":{"line":236,"column":87}},"120":{"start":{"line":237,"column":12},"end":{"line":251,"column":13}},"121":{"start":{"line":238,"column":16},"end":{"line":238,"column":45}},"122":{"start":{"line":241,"column":28},"end":{"line":241,"column":49}},"123":{"start":{"line":242,"column":16},"end":{"line":242,"column":230}},"124":{"start":{"line":243,"column":39},"end":{"line":243,"column":87}},"125":{"start":{"line":244,"column":30},"end":{"line":244,"column":77}},"126":{"start":{"line":245,"column":16},"end":{"line":250,"column":17}},"127":{"start":{"line":246,"column":20},"end":{"line":246,"column":85}},"128":{"start":{"line":249,"column":20},"end":{"line":249,"column":49}},"129":{"start":{"line":255,"column":32},"end":{"line":255,"column":34}},"130":{"start":{"line":256,"column":31},"end":{"line":263,"column":7}},"131":{"start":{"line":257,"column":8},"end":{"line":260,"column":9}},"132":{"start":{"line":258,"column":10},"end":{"line":258,"column":60}},"133":{"start":{"line":259,"column":10},"end":{"line":259,"column":17}},"134":{"start":{"line":262,"column":8},"end":{"line":262,"column":56}},"135":{"start":{"line":265,"column":18},"end":{"line":286,"column":5}},"136":{"start":{"line":267,"column":34},"end":{"line":267,"column":35}},"137":{"start":{"line":268,"column":8},"end":{"line":273,"column":9}},"138":{"start":{"line":268,"column":21},"end":{"line":268,"column":22}},"139":{"start":{"line":269,"column":12},"end":{"line":272,"column":13}},"140":{"start":{"line":270,"column":16},"end":{"line":270,"column":40}},"141":{"start":{"line":271,"column":16},"end":{"line":271,"column":38}},"142":{"start":{"line":274,"column":8},"end":{"line":285,"column":9}},"143":{"start":{"line":275,"column":24},"end":{"line":275,"column":45}},"144":{"start":{"line":276,"column":12},"end":{"line":276,"column":226}},"145":{"start":{"line":277,"column":12},"end":{"line":277,"column":85}},"146":{"start":{"line":278,"column":26},"end":{"line":278,"column":78}},"147":{"start":{"line":279,"column":12},"end":{"line":284,"column":13}},"148":{"start":{"line":280,"column":16},"end":{"line":280,"column":45}},"149":{"start":{"line":283,"column":16},"end":{"line":283,"column":45}},"150":{"start":{"line":288,"column":17},"end":{"line":303,"column":5}},"151":{"start":{"line":290,"column":34},"end":{"line":290,"column":35}},"152":{"start":{"line":291,"column":8},"end":{"line":296,"column":9}},"153":{"start":{"line":291,"column":21},"end":{"line":291,"column":22}},"154":{"start":{"line":292,"column":12},"end":{"line":295,"column":13}},"155":{"start":{"line":293,"column":16},"end":{"line":293,"column":40}},"156":{"start":{"line":294,"column":16},"end":{"line":294,"column":38}},"157":{"start":{"line":299,"column":8},"end":{"line":302,"column":9}},"158":{"start":{"line":301,"column":12},"end":{"line":301,"column":151}},"159":{"start":{"line":305,"column":29},"end":{"line":339,"column":5}},"160":{"start":{"line":308,"column":20},"end":{"line":308,"column":41}},"161":{"start":{"line":309,"column":8},"end":{"line":335,"column":9}},"162":{"start":{"line":309,"column":21},"end":{"line":309,"column":22}},"163":{"start":{"line":310,"column":12},"end":{"line":334,"column":13}},"164":{"start":{"line":311,"column":16},"end":{"line":311,"column":40}},"165":{"start":{"line":312,"column":16},"end":{"line":333,"column":118}},"166":{"start":{"line":315,"column":20},"end":{"line":330,"column":21}},"167":{"start":{"line":321,"column":47},"end":{"line":321,"column":72}},"168":{"start":{"line":326,"column":53},"end":{"line":326,"column":149}},"169":{"start":{"line":333,"column":21},"end":{"line":333,"column":118}},"170":{"start":{"line":336,"column":8},"end":{"line":336,"column":25}},"171":{"start":{"line":337,"column":8},"end":{"line":337,"column":25}},"172":{"start":{"line":338,"column":8},"end":{"line":338,"column":43}},"173":{"start":{"line":341,"column":23},"end":{"line":363,"column":5}},"174":{"start":{"line":342,"column":8},"end":{"line":362,"column":10}},"175":{"start":{"line":344,"column":31},"end":{"line":344,"column":44}},"176":{"start":{"line":345,"column":35},"end":{"line":345,"column":52}},"177":{"start":{"line":366,"column":8},"end":{"line":372,"column":11}},"178":{"start":{"line":367,"column":12},"end":{"line":371,"column":13}},"179":{"start":{"line":368,"column":16},"end":{"line":368,"column":25}},"180":{"start":{"line":370,"column":16},"end":{"line":370,"column":76}},"181":{"start":{"line":374,"column":8},"end":{"line":380,"column":9}},"182":{"start":{"line":375,"column":12},"end":{"line":375,"column":28}},"183":{"start":{"line":376,"column":12},"end":{"line":376,"column":34}},"184":{"start":{"line":379,"column":12},"end":{"line":379,"column":33}},"185":{"start":{"line":382,"column":8},"end":{"line":386,"column":10}},"186":{"start":{"line":384,"column":16},"end":{"line":384,"column":25}},"187":{"start":{"line":390,"column":8},"end":{"line":396,"column":11}},"188":{"start":{"line":391,"column":12},"end":{"line":395,"column":13}},"189":{"start":{"line":392,"column":16},"end":{"line":392,"column":25}},"190":{"start":{"line":394,"column":16},"end":{"line":394,"column":60}},"191":{"start":{"line":398,"column":8},"end":{"line":404,"column":9}},"192":{"start":{"line":399,"column":12},"end":{"line":399,"column":28}},"193":{"start":{"line":400,"column":12},"end":{"line":400,"column":34}},"194":{"start":{"line":403,"column":12},"end":{"line":403,"column":33}},"195":{"start":{"line":406,"column":8},"end":{"line":410,"column":10}},"196":{"start":{"line":408,"column":16},"end":{"line":408,"column":25}},"197":{"start":{"line":413,"column":4},"end":{"line":526,"column":6}},"198":{"start":{"line":441,"column":67},"end":{"line":441,"column":87}},"199":{"start":{"line":448,"column":36},"end":{"line":448,"column":55}},"200":{"start":{"line":456,"column":64},"end":{"line":456,"column":74}},"201":{"start":{"line":462,"column":36},"end":{"line":462,"column":49}},"202":{"start":{"line":463,"column":36},"end":{"line":463,"column":53}},"203":{"start":{"line":469,"column":36},"end":{"line":469,"column":49}},"204":{"start":{"line":470,"column":36},"end":{"line":470,"column":53}},"205":{"start":{"line":476,"column":36},"end":{"line":476,"column":61}},"206":{"start":{"line":482,"column":36},"end":{"line":482,"column":73}},"207":{"start":{"line":488,"column":36},"end":{"line":488,"column":51}},"208":{"start":{"line":494,"column":36},"end":{"line":494,"column":52}},"209":{"start":{"line":500,"column":36},"end":{"line":500,"column":50}},"210":{"start":{"line":508,"column":32},"end":{"line":508,"column":56}},"211":{"start":{"line":520,"column":44},"end":{"line":520,"column":64}},"212":{"start":{"line":529,"column":15},"end":{"line":596,"column":2}}},"fnMap":{"0":{"name":"useSelectionChange","decl":{"start":{"line":38,"column":9},"end":{"line":38,"column":27}},"loc":{"start":{"line":38,"column":35},"end":{"line":48,"column":1}},"line":38},"1":{"name":"(anonymous_1)","decl":{"start":{"line":40,"column":14},"end":{"line":40,"column":15}},"loc":{"start":{"line":40,"column":20},"end":{"line":46,"column":5}},"line":40},"2":{"name":"(anonymous_2)","decl":{"start":{"line":41,"column":25},"end":{"line":41,"column":26}},"loc":{"start":{"line":41,"column":32},"end":{"line":41,"column":42}},"line":41},"3":{"name":"ListViewVertical","decl":{"start":{"line":50,"column":24},"end":{"line":50,"column":40}},"loc":{"start":{"line":50,"column":111},"end":{"line":527,"column":1}},"line":50},"4":{"name":"(anonymous_4)","decl":{"start":{"line":69,"column":14},"end":{"line":69,"column":15}},"loc":{"start":{"line":69,"column":20},"end":{"line":75,"column":5}},"line":69},"5":{"name":"(anonymous_5)","decl":{"start":{"line":77,"column":29},"end":{"line":77,"column":30}},"loc":{"start":{"line":77,"column":35},"end":{"line":79,"column":5}},"line":77},"6":{"name":"(anonymous_6)","decl":{"start":{"line":81,"column":31},"end":{"line":81,"column":32}},"loc":{"start":{"line":81,"column":37},"end":{"line":83,"column":5}},"line":81},"7":{"name":"(anonymous_7)","decl":{"start":{"line":85,"column":25},"end":{"line":85,"column":26}},"loc":{"start":{"line":85,"column":35},"end":{"line":94,"column":5}},"line":85},"8":{"name":"(anonymous_8)","decl":{"start":{"line":87,"column":22},"end":{"line":87,"column":23}},"loc":{"start":{"line":87,"column":29},"end":{"line":92,"column":13}},"line":87},"9":{"name":"(anonymous_9)","decl":{"start":{"line":96,"column":27},"end":{"line":96,"column":28}},"loc":{"start":{"line":96,"column":33},"end":{"line":103,"column":5}},"line":96},"10":{"name":"(anonymous_10)","decl":{"start":{"line":98,"column":22},"end":{"line":98,"column":23}},"loc":{"start":{"line":98,"column":29},"end":{"line":101,"column":13}},"line":98},"11":{"name":"(anonymous_11)","decl":{"start":{"line":105,"column":20},"end":{"line":105,"column":21}},"loc":{"start":{"line":105,"column":34},"end":{"line":115,"column":5}},"line":105},"12":{"name":"(anonymous_12)","decl":{"start":{"line":117,"column":24},"end":{"line":117,"column":25}},"loc":{"start":{"line":117,"column":34},"end":{"line":121,"column":5}},"line":117},"13":{"name":"(anonymous_13)","decl":{"start":{"line":124,"column":23},"end":{"line":124,"column":24}},"loc":{"start":{"line":124,"column":29},"end":{"line":126,"column":5}},"line":124},"14":{"name":"(anonymous_14)","decl":{"start":{"line":128,"column":25},"end":{"line":128,"column":26}},"loc":{"start":{"line":128,"column":31},"end":{"line":130,"column":5}},"line":128},"15":{"name":"(anonymous_15)","decl":{"start":{"line":132,"column":21},"end":{"line":132,"column":22}},"loc":{"start":{"line":132,"column":33},"end":{"line":139,"column":5}},"line":132},"16":{"name":"(anonymous_16)","decl":{"start":{"line":141,"column":19},"end":{"line":141,"column":20}},"loc":{"start":{"line":141,"column":31},"end":{"line":157,"column":5}},"line":141},"17":{"name":"makeFolder","decl":{"start":{"line":159,"column":19},"end":{"line":159,"column":29}},"loc":{"start":{"line":159,"column":32},"end":{"line":207,"column":5}},"line":159},"18":{"name":"(anonymous_18)","decl":{"start":{"line":209,"column":17},"end":{"line":209,"column":18}},"loc":{"start":{"line":209,"column":29},"end":{"line":224,"column":5}},"line":209},"19":{"name":"(anonymous_19)","decl":{"start":{"line":226,"column":20},"end":{"line":226,"column":21}},"loc":{"start":{"line":226,"column":32},"end":{"line":253,"column":5}},"line":226},"20":{"name":"(anonymous_20)","decl":{"start":{"line":256,"column":31},"end":{"line":256,"column":32}},"loc":{"start":{"line":256,"column":43},"end":{"line":263,"column":7}},"line":256},"21":{"name":"(anonymous_21)","decl":{"start":{"line":265,"column":18},"end":{"line":265,"column":19}},"loc":{"start":{"line":265,"column":30},"end":{"line":286,"column":5}},"line":265},"22":{"name":"(anonymous_22)","decl":{"start":{"line":288,"column":17},"end":{"line":288,"column":18}},"loc":{"start":{"line":288,"column":29},"end":{"line":303,"column":5}},"line":288},"23":{"name":"(anonymous_23)","decl":{"start":{"line":305,"column":29},"end":{"line":305,"column":30}},"loc":{"start":{"line":305,"column":41},"end":{"line":339,"column":5}},"line":305},"24":{"name":"(anonymous_24)","decl":{"start":{"line":321,"column":41},"end":{"line":321,"column":42}},"loc":{"start":{"line":321,"column":47},"end":{"line":321,"column":72}},"line":321},"25":{"name":"(anonymous_25)","decl":{"start":{"line":326,"column":41},"end":{"line":326,"column":42}},"loc":{"start":{"line":326,"column":53},"end":{"line":326,"column":149}},"line":326},"26":{"name":"(anonymous_26)","decl":{"start":{"line":341,"column":23},"end":{"line":341,"column":24}},"loc":{"start":{"line":341,"column":33},"end":{"line":363,"column":5}},"line":341},"27":{"name":"(anonymous_27)","decl":{"start":{"line":344,"column":25},"end":{"line":344,"column":26}},"loc":{"start":{"line":344,"column":31},"end":{"line":344,"column":44}},"line":344},"28":{"name":"(anonymous_28)","decl":{"start":{"line":345,"column":29},"end":{"line":345,"column":30}},"loc":{"start":{"line":345,"column":35},"end":{"line":345,"column":52}},"line":345},"29":{"name":"sortByName","decl":{"start":{"line":365,"column":19},"end":{"line":365,"column":29}},"loc":{"start":{"line":365,"column":32},"end":{"line":387,"column":5}},"line":365},"30":{"name":"(anonymous_30)","decl":{"start":{"line":366,"column":19},"end":{"line":366,"column":20}},"loc":{"start":{"line":366,"column":29},"end":{"line":372,"column":9}},"line":366},"31":{"name":"(anonymous_31)","decl":{"start":{"line":383,"column":22},"end":{"line":383,"column":23}},"loc":{"start":{"line":383,"column":29},"end":{"line":385,"column":13}},"line":383},"32":{"name":"sortByDate","decl":{"start":{"line":389,"column":19},"end":{"line":389,"column":29}},"loc":{"start":{"line":389,"column":32},"end":{"line":411,"column":5}},"line":389},"33":{"name":"(anonymous_33)","decl":{"start":{"line":390,"column":19},"end":{"line":390,"column":20}},"loc":{"start":{"line":390,"column":31},"end":{"line":396,"column":9}},"line":390},"34":{"name":"(anonymous_34)","decl":{"start":{"line":407,"column":22},"end":{"line":407,"column":23}},"loc":{"start":{"line":407,"column":29},"end":{"line":409,"column":13}},"line":407},"35":{"name":"(anonymous_35)","decl":{"start":{"line":441,"column":56},"end":{"line":441,"column":57}},"loc":{"start":{"line":441,"column":67},"end":{"line":441,"column":87}},"line":441},"36":{"name":"(anonymous_36)","decl":{"start":{"line":447,"column":41},"end":{"line":447,"column":42}},"loc":{"start":{"line":447,"column":53},"end":{"line":449,"column":33}},"line":447},"37":{"name":"(anonymous_37)","decl":{"start":{"line":456,"column":57},"end":{"line":456,"column":58}},"loc":{"start":{"line":456,"column":64},"end":{"line":456,"column":74}},"line":456},"38":{"name":"(anonymous_38)","decl":{"start":{"line":461,"column":40},"end":{"line":461,"column":41}},"loc":{"start":{"line":461,"column":58},"end":{"line":464,"column":33}},"line":461},"39":{"name":"(anonymous_39)","decl":{"start":{"line":468,"column":40},"end":{"line":468,"column":41}},"loc":{"start":{"line":468,"column":58},"end":{"line":471,"column":33}},"line":468},"40":{"name":"(anonymous_40)","decl":{"start":{"line":475,"column":40},"end":{"line":475,"column":41}},"loc":{"start":{"line":475,"column":58},"end":{"line":477,"column":33}},"line":475},"41":{"name":"(anonymous_41)","decl":{"start":{"line":481,"column":40},"end":{"line":481,"column":41}},"loc":{"start":{"line":481,"column":58},"end":{"line":483,"column":33}},"line":481},"42":{"name":"(anonymous_42)","decl":{"start":{"line":487,"column":40},"end":{"line":487,"column":41}},"loc":{"start":{"line":487,"column":58},"end":{"line":489,"column":33}},"line":487},"43":{"name":"(anonymous_43)","decl":{"start":{"line":493,"column":40},"end":{"line":493,"column":41}},"loc":{"start":{"line":493,"column":58},"end":{"line":495,"column":33}},"line":493},"44":{"name":"(anonymous_44)","decl":{"start":{"line":499,"column":40},"end":{"line":499,"column":41}},"loc":{"start":{"line":499,"column":58},"end":{"line":501,"column":33}},"line":499},"45":{"name":"(anonymous_45)","decl":{"start":{"line":507,"column":39},"end":{"line":507,"column":40}},"loc":{"start":{"line":507,"column":49},"end":{"line":509,"column":29}},"line":507},"46":{"name":"(anonymous_46)","decl":{"start":{"line":520,"column":34},"end":{"line":520,"column":35}},"loc":{"start":{"line":520,"column":44},"end":{"line":520,"column":64}},"line":520}},"branchMap":{"0":{"loc":{"start":{"line":41,"column":8},"end":{"line":45,"column":9}},"type":"if","locations":[{"start":{"line":41,"column":8},"end":{"line":45,"column":9}},{"start":{"line":41,"column":8},"end":{"line":45,"column":9}}],"line":41},"1":{"loc":{"start":{"line":88,"column":16},"end":{"line":90,"column":17}},"type":"if","locations":[{"start":{"line":88,"column":16},"end":{"line":90,"column":17}},{"start":{"line":88,"column":16},"end":{"line":90,"column":17}}],"line":88},"2":{"loc":{"start":{"line":106,"column":8},"end":{"line":114,"column":9}},"type":"if","locations":[{"start":{"line":106,"column":8},"end":{"line":114,"column":9}},{"start":{"line":106,"column":8},"end":{"line":114,"column":9}}],"line":106},"3":{"loc":{"start":{"line":118,"column":8},"end":{"line":120,"column":9}},"type":"if","locations":[{"start":{"line":118,"column":8},"end":{"line":120,"column":9}},{"start":{"line":118,"column":8},"end":{"line":120,"column":9}}],"line":118},"4":{"loc":{"start":{"line":118,"column":12},"end":{"line":118,"column":56}},"type":"binary-expr","locations":[{"start":{"line":118,"column":12},"end":{"line":118,"column":35}},{"start":{"line":118,"column":39},"end":{"line":118,"column":56}}],"line":118},"5":{"loc":{"start":{"line":145,"column":12},"end":{"line":148,"column":13}},"type":"if","locations":[{"start":{"line":145,"column":12},"end":{"line":148,"column":13}},{"start":{"line":145,"column":12},"end":{"line":148,"column":13}}],"line":145},"6":{"loc":{"start":{"line":151,"column":8},"end":{"line":156,"column":9}},"type":"if","locations":[{"start":{"line":151,"column":8},"end":{"line":156,"column":9}},{"start":{"line":151,"column":8},"end":{"line":156,"column":9}}],"line":151},"7":{"loc":{"start":{"line":165,"column":12},"end":{"line":167,"column":13}},"type":"if","locations":[{"start":{"line":165,"column":12},"end":{"line":167,"column":13}},{"start":{"line":165,"column":12},"end":{"line":167,"column":13}}],"line":165},"8":{"loc":{"start":{"line":165,"column":16},"end":{"line":165,"column":81}},"type":"binary-expr","locations":[{"start":{"line":165,"column":16},"end":{"line":165,"column":47}},{"start":{"line":165,"column":51},"end":{"line":165,"column":81}}],"line":165},"9":{"loc":{"start":{"line":169,"column":8},"end":{"line":206,"column":9}},"type":"if","locations":[{"start":{"line":169,"column":8},"end":{"line":206,"column":9}},{"start":{"line":169,"column":8},"end":{"line":206,"column":9}}],"line":169},"10":{"loc":{"start":{"line":189,"column":12},"end":{"line":205,"column":13}},"type":"if","locations":[{"start":{"line":189,"column":12},"end":{"line":205,"column":13}},{"start":{"line":189,"column":12},"end":{"line":205,"column":13}}],"line":189},"11":{"loc":{"start":{"line":197,"column":19},"end":{"line":205,"column":13}},"type":"if","locations":[{"start":{"line":197,"column":19},"end":{"line":205,"column":13}},{"start":{"line":197,"column":19},"end":{"line":205,"column":13}}],"line":197},"12":{"loc":{"start":{"line":199,"column":19},"end":{"line":205,"column":13}},"type":"if","locations":[{"start":{"line":199,"column":19},"end":{"line":205,"column":13}},{"start":{"line":199,"column":19},"end":{"line":205,"column":13}}],"line":199},"13":{"loc":{"start":{"line":213,"column":12},"end":{"line":216,"column":13}},"type":"if","locations":[{"start":{"line":213,"column":12},"end":{"line":216,"column":13}},{"start":{"line":213,"column":12},"end":{"line":216,"column":13}}],"line":213},"14":{"loc":{"start":{"line":220,"column":8},"end":{"line":223,"column":9}},"type":"if","locations":[{"start":{"line":220,"column":8},"end":{"line":223,"column":9}},{"start":{"line":220,"column":8},"end":{"line":223,"column":9}}],"line":220},"15":{"loc":{"start":{"line":230,"column":12},"end":{"line":233,"column":13}},"type":"if","locations":[{"start":{"line":230,"column":12},"end":{"line":233,"column":13}},{"start":{"line":230,"column":12},"end":{"line":233,"column":13}}],"line":230},"16":{"loc":{"start":{"line":235,"column":8},"end":{"line":252,"column":9}},"type":"if","locations":[{"start":{"line":235,"column":8},"end":{"line":252,"column":9}},{"start":{"line":235,"column":8},"end":{"line":252,"column":9}}],"line":235},"17":{"loc":{"start":{"line":235,"column":12},"end":{"line":235,"column":68}},"type":"binary-expr","locations":[{"start":{"line":235,"column":12},"end":{"line":235,"column":36}},{"start":{"line":235,"column":40},"end":{"line":235,"column":68}}],"line":235},"18":{"loc":{"start":{"line":237,"column":12},"end":{"line":251,"column":13}},"type":"if","locations":[{"start":{"line":237,"column":12},"end":{"line":251,"column":13}},{"start":{"line":237,"column":12},"end":{"line":251,"column":13}}],"line":237},"19":{"loc":{"start":{"line":245,"column":16},"end":{"line":250,"column":17}},"type":"if","locations":[{"start":{"line":245,"column":16},"end":{"line":250,"column":17}},{"start":{"line":245,"column":16},"end":{"line":250,"column":17}}],"line":245},"20":{"loc":{"start":{"line":257,"column":8},"end":{"line":260,"column":9}},"type":"if","locations":[{"start":{"line":257,"column":8},"end":{"line":260,"column":9}},{"start":{"line":257,"column":8},"end":{"line":260,"column":9}}],"line":257},"21":{"loc":{"start":{"line":269,"column":12},"end":{"line":272,"column":13}},"type":"if","locations":[{"start":{"line":269,"column":12},"end":{"line":272,"column":13}},{"start":{"line":269,"column":12},"end":{"line":272,"column":13}}],"line":269},"22":{"l
[...]
,"C:\\Users\\korisnik\\Desktop\\Monitor-Mobile-App\\screens\\TehnicianScreen\\screens\\ImageUploadScreen.js": {"path":"C:\\Users\\korisnik\\Desktop\\Monitor-Mobile-App\\screens\\TehnicianScreen\\screens\\ImageUploadScreen.js","statementMap":{"0":{"start":{"line":12,"column":2},"end":{"line":35,"column":3}},"1":{"start":{"line":14,"column":19},"end":{"line":30,"column":6}},"2":{"start":{"line":31,"column":15},"end":{"line":31,"column":36}},"3":{"start":{"line":34,"column":4},"end":{"line":34,"column":25}},"4":{"start":{"line":41,"column":26},"end":{"line":166,"column":1}},"5":{"start":{"line":43,"column":19},"end":{"line":43,"column":37}},"6":{"start":{"line":45,"column":32},"end":{"line":45,"column":44}},"7":{"start":{"line":46,"column":35},"end":{"line":46,"column":50}},"8":{"start":{"line":47,"column":40},"end":{"line":47,"column":65}},"9":{"start":{"line":48,"column":28},"end":{"line":48,"column":51}},"10":{"start":{"line":49,"column":44},"end":{"line":49,"column":61}},"11":{"start":{"line":51,"column":24},"end":{"line":56,"column":5}},"12":{"start":{"line":52,"column":22},"end":{"line":52,"column":32}},"13":{"start":{"line":53,"column":20},"end":{"line":53,"column":100}},"14":{"start":{"line":54,"column":20},"end":{"line":54,"column":96}},"15":{"start":{"line":55,"column":8},"end":{"line":55,"column":35}},"16":{"start":{"line":58,"column":27},"end":{"line":69,"column":5}},"17":{"start":{"line":59,"column":21},"end":{"line":59,"column":35}},"18":{"start":{"line":61,"column":8},"end":{"line":67,"column":8}},"19":{"start":{"line":61,"column":18},"end":{"line":61,"column":19}},"20":{"start":{"line":62,"column":10},"end":{"line":66,"column":12}},"21":{"start":{"line":68,"column":7},"end":{"line":68,"column":19}},"22":{"start":{"line":71,"column":4},"end":{"line":73,"column":6}},"23":{"start":{"line":72,"column":8},"end":{"line":72,"column":26}},"24":{"start":{"line":77,"column":28},"end":{"line":87,"column":5}},"25":{"start":{"line":78,"column":25},"end":{"line":78,"column":36}},"26":{"start":{"line":79,"column":6},"end":{"line":86,"column":7}},"27":{"start":{"line":80,"column":27},"end":{"line":80,"column":33}},"28":{"start":{"line":81,"column":8},"end":{"line":84,"column":9}},"29":{"start":{"line":82,"column":12},"end":{"line":82,"column":29}},"30":{"start":{"line":83,"column":12},"end":{"line":83,"column":29}},"31":{"start":{"line":85,"column":8},"end":{"line":85,"column":29}},"32":{"start":{"line":89,"column":24},"end":{"line":96,"column":5}},"33":{"start":{"line":90,"column":6},"end":{"line":95,"column":7}},"34":{"start":{"line":99,"column":25},"end":{"line":130,"column":5}},"35":{"start":{"line":104,"column":6},"end":{"line":128,"column":7}},"36":{"start":{"line":106,"column":8},"end":{"line":111,"column":9}},"37":{"start":{"line":113,"column":8},"end":{"line":113,"column":22}},"38":{"start":{"line":114,"column":8},"end":{"line":114,"column":27}},"39":{"start":{"line":115,"column":8},"end":{"line":115,"column":203}},"40":{"start":{"line":117,"column":8},"end":{"line":117,"column":35}},"41":{"start":{"line":121,"column":8},"end":{"line":121,"column":37}},"42":{"start":{"line":123,"column":8},"end":{"line":123,"column":22}},"43":{"start":{"line":124,"column":8},"end":{"line":124,"column":27}},"44":{"start":{"line":126,"column":8},"end":{"line":126,"column":34}},"45":{"start":{"line":132,"column":4},"end":{"line":165,"column":5}},"46":{"start":{"line":134,"column":45},"end":{"line":134,"column":88}},"47":{"start":{"line":146,"column":38},"end":{"line":146,"column":47}},"48":{"start":{"line":152,"column":26},"end":{"line":152,"column":47}},"49":{"start":{"line":153,"column":14},"end":{"line":153,"column":39}},"50":{"start":{"line":154,"column":14},"end":{"line":154,"column":41}},"51":{"start":{"line":168,"column":15},"end":{"line":208,"column":4}}},"fnMap":{"0":{"name":"putTask","decl":{"start":{"line":11,"column":15},"end":{"line":11,"column":22}},"loc":{"start":{"line":11,"column":120},"end":{"line":36,"column":1}},"line":11},"1":{"name":"(anonymous_1)","decl":{"start":{"line":41,"column":26},"end":{"line":41,"column":27}},"loc":{"start":{"line":41,"column":37},"end":{"line":166,"column":1}},"line":41},"2":{"name":"(anonymous_2)","decl":{"start":{"line":51,"column":24},"end":{"line":51,"column":25}},"loc":{"start":{"line":51,"column":29},"end":{"line":56,"column":5}},"line":51},"3":{"name":"(anonymous_3)","decl":{"start":{"line":58,"column":27},"end":{"line":58,"column":28}},"loc":{"start":{"line":58,"column":38},"end":{"line":69,"column":5}},"line":58},"4":{"name":"(anonymous_4)","decl":{"start":{"line":71,"column":14},"end":{"line":71,"column":15}},"loc":{"start":{"line":71,"column":20},"end":{"line":73,"column":5}},"line":71},"5":{"name":"(anonymous_5)","decl":{"start":{"line":77,"column":28},"end":{"line":77,"column":29}},"loc":{"start":{"line":77,"column":34},"end":{"line":87,"column":5}},"line":77},"6":{"name":"(anonymous_6)","decl":{"start":{"line":89,"column":24},"end":{"line":89,"column":25}},"loc":{"start":{"line":89,"column":34},"end":{"line":96,"column":5}},"line":89},"7":{"name":"(anonymous_7)","decl":{"start":{"line":99,"column":25},"end":{"line":99,"column":26}},"loc":{"start":{"line":99,"column":42},"end":{"line":130,"column":5}},"line":99},"8":{"name":"(anonymous_8)","decl":{"start":{"line":134,"column":39},"end":{"line":134,"column":40}},"loc":{"start":{"line":134,"column":45},"end":{"line":134,"column":88}},"line":134},"9":{"name":"(anonymous_9)","decl":{"start":{"line":146,"column":30},"end":{"line":146,"column":31}},"loc":{"start":{"line":146,"column":38},"end":{"line":146,"column":47}},"line":146},"10":{"name":"(anonymous_10)","decl":{"start":{"line":151,"column":39},"end":{"line":151,"column":40}},"loc":{"start":{"line":151,"column":51},"end":{"line":155,"column":13}},"line":151}},"branchMap":{"0":{"loc":{"start":{"line":65,"column":16},"end":{"line":65,"column":94}},"type":"cond-expr","locations":[{"start":{"line":65,"column":44},"end":{"line":65,"column":56}},{"start":{"line":65,"column":59},"end":{"line":65,"column":94}}],"line":65},"1":{"loc":{"start":{"line":79,"column":6},"end":{"line":86,"column":7}},"type":"if","locations":[{"start":{"line":79,"column":6},"end":{"line":86,"column":7}},{"start":{"line":79,"column":6},"end":{"line":86,"column":7}}],"line":79},"2":{"loc":{"start":{"line":81,"column":8},"end":{"line":84,"column":9}},"type":"if","locations":[{"start":{"line":81,"column":8},"end":{"line":84,"column":9}},{"start":{"line":81,"column":8},"end":{"line":84,"column":9}}],"line":81},"3":{"loc":{"start":{"line":141,"column":13},"end":{"line":161,"column":18}},"type":"cond-expr","locations":[{"start":{"line":142,"column":12},"end":{"line":160,"column":19}},{"start":{"line":161,"column":14},"end":{"line":161,"column":18}}],"line":141}},"s":{"0":0,"1":0,"2":0,"3":0,"4":0,"5":0,"6":0,"7":0,"8":0,"9":0,"10":0,"11":0,"12":0,"13":0,"14":0,"15":0,"16":0,"17":0,"18":0,"19":0,"20":0,"21":0,"22":0,"23":0,"24":0,"25":0,"26":0,"27":0,"28":0,"29":0,"30":0,"31":0,"32":0,"33":0,"34":0,"35":0,"36":0,"37":0,"38":0,"39":0,"40":0,"41":0,"42":0,"43":0,"44":0,"45":0,"46":0,"47":0,"48":0,"49":0,"50":0,"51":0},"f":{"0":0,"1":0,"2":0,"3":0,"4":0,"5":0,"6":0,"7":0,"8":0,"9":0,"10":0},"b":{"0":[0,0],"1":[0,0],"2":[0,0],"3":[0,0]}}
,"C:\\Users\\korisnik\\Desktop\\Monitor-Mobile-App\\screens\\TehnicianScreen\\screens\\Schedule.js": {"path":"C:\\Users\\korisnik\\Desktop\\Monitor-Mobile-App\\screens\\TehnicianScreen\\screens\\Schedule.js","statementMap":{"0":{"start":{"line":11,"column":30},"end":{"line":11,"column":42}},"1":{"start":{"line":12,"column":28},"end":{"line":12,"column":57}},"2":{"start":{"line":14,"column":21},"end":{"line":27,"column":7}},"3":{"start":{"line":16,"column":8},"end":{"line":26,"column":9}},"4":{"start":{"line":18,"column":14},"end":{"line":18,"column":30}},"5":{"start":{"line":20,"column":14},"end":{"line":20,"column":30}},"6":{"start":{"line":22,"column":14},"end":{"line":22,"column":30}},"7":{"start":{"line":24,"column":14},"end":{"line":24,"column":30}},"8":{"start":{"line":29,"column":23},"end":{"line":47,"column":7}},"9":{"start":{"line":31,"column":8},"end":{"line":46,"column":27}},"10":{"start":{"line":31,"column":89},"end":{"line":31,"column":160}},"11":{"start":{"line":51,"column":6},"end":{"line":80,"column":13}},"12":{"start":{"line":53,"column":12},"end":{"line":77,"column":13}},"13":{"start":{"line":54,"column":30},"end":{"line":54,"column":51}},"14":{"start":{"line":55,"column":33},"end":{"line":58,"column":20}},"15":{"start":{"line":59,"column":29},"end":{"line":59,"column":50}},"16":{"start":{"line":60,"column":29},"end":{"line":60,"column":38}},"17":{"start":{"line":61,"column":35},"end":{"line":67,"column":22}},"18":{"start":{"line":62,"column":35},"end":{"line":62,"column":59}},"19":{"start":{"line":63,"column":22},"end":{"line":66,"column":25}},"20":{"start":{"line":69,"column":32},"end":{"line":73,"column":22}},"21":{"start":{"line":70,"column":46},"end":{"line":70,"column":57}},"22":{"start":{"line":71,"column":21},"end":{"line":71,"column":79}},"23":{"start":{"line":72,"column":20},"end":{"line":72,"column":31}},"24":{"start":{"line":74,"column":16},"end":{"line":74,"column":34}},"25":{"start":{"line":76,"column":16},"end":{"line":76,"column":37}},"26":{"start":{"line":79,"column":8},"end":{"line":79,"column":31}},"27":{"start":{"line":84,"column":4},"end":{"line":91,"column":6}},"28":{"start":{"line":94,"column":15},"end":{"line":104,"column":2}}},"fnMap":{"0":{"name":"Schedule","decl":{"start":{"line":10,"column":9},"end":{"line":10,"column":17}},"loc":{"start":{"line":10,"column":25},"end":{"line":92,"column":1}},"line":10},"1":{"name":"(anonymous_1)","decl":{"start":{"line":14,"column":21},"end":{"line":14,"column":22}},"loc":{"start":{"line":14,"column":31},"end":{"line":27,"column":7}},"line":14},"2":{"name":"(anonymous_2)","decl":{"start":{"line":29,"column":23},"end":{"line":29,"column":24}},"loc":{"start":{"line":29,"column":33},"end":{"line":47,"column":7}},"line":29},"3":{"name":"(anonymous_3)","decl":{"start":{"line":31,"column":83},"end":{"line":31,"column":84}},"loc":{"start":{"line":31,"column":89},"end":{"line":31,"column":160}},"line":31},"4":{"name":"(anonymous_4)","decl":{"start":{"line":51,"column":16},"end":{"line":51,"column":17}},"loc":{"start":{"line":51,"column":20},"end":{"line":80,"column":7}},"line":51},"5":{"name":"getData","decl":{"start":{"line":52,"column":23},"end":{"line":52,"column":30}},"loc":{"start":{"line":52,"column":45},"end":{"line":78,"column":9}},"line":52},"6":{"name":"(anonymous_6)","decl":{"start":{"line":61,"column":44},"end":{"line":61,"column":45}},"loc":{"start":{"line":61,"column":54},"end":{"line":67,"column":21}},"line":61},"7":{"name":"(anonymous_7)","decl":{"start":{"line":69,"column":50},"end":{"line":69,"column":51}},"loc":{"start":{"line":69,"column":72},"end":{"line":73,"column":17}},"line":69}},"branchMap":{"0":{"loc":{"start":{"line":16,"column":8},"end":{"line":26,"column":9}},"type":"switch","locations":[{"start":{"line":17,"column":12},"end":{"line":18,"column":30}},{"start":{"line":19,"column":12},"end":{"line":20,"column":30}},{"start":{"line":21,"column":12},"end":{"line":22,"column":30}},{"start":{"line":23,"column":12},"end":{"line":24,"column":30}}],"line":16},"1":{"loc":{"start":{"line":36,"column":26},"end":{"line":36,"column":106}},"type":"cond-expr","locations":[{"start":{"line":36,"column":40},"end":{"line":36,"column":75}},{"start":{"line":36,"column":78},"end":{"line":36,"column":106}}],"line":36},"2":{"loc":{"start":{"line":40,"column":26},"end":{"line":41,"column":108}},"type":"binary-expr","locations":[{"start":{"line":40,"column":26},"end":{"line":40,"column":44}},{"start":{"line":41,"column":24},"end":{"line":41,"column":108}}],"line":40},"3":{"loc":{"start":{"line":71,"column":21},"end":{"line":71,"column":79}},"type":"cond-expr","locations":[{"start":{"line":71,"column":33},"end":{"line":71,"column":58}},{"start":{"line":71,"column":61},"end":{"line":71,"column":79}}],"line":71}},"s":{"0":0,"1":0,"2":0,"3":0,"4":0,"5":0,"6":0,"7":0,"8":0,"9":0,"10":0,"11":0,"12":0,"13":0,"14":0,"15":0,"16":0,"17":0,"18":0,"19":0,"20":0,"21":0,"22":0,"23":0,"24":0,"25":0,"26":0,"27":0,"28":0},"f":{"0":0,"1":0,"2":0,"3":0,"4":0,"5":0,"6":0,"7":0},"b":{"0":[0,0,0,0],"1":[0,0],"2":[0,0],"3":[0,0]}}
,"C:\\Users\\korisnik\\Desktop\\Monitor-Mobile-App\\screens\\TehnicianScreen\\screens\\ShowImagesScreen.js": {"path":"C:\\Users\\korisnik\\Desktop\\Monitor-Mobile-App\\screens\\TehnicianScreen\\screens\\ShowImagesScreen.js","statementMap":{"0":{"start":{"line":6,"column":25},"end":{"line":64,"column":1}},"1":{"start":{"line":7,"column":49},"end":{"line":7,"column":61}},"2":{"start":{"line":8,"column":30},"end":{"line":8,"column":59}},"3":{"start":{"line":9,"column":32},"end":{"line":9,"column":44}},"4":{"start":{"line":10,"column":25},"end":{"line":10,"column":54}},"5":{"start":{"line":13,"column":4},"end":{"line":41,"column":10}},"6":{"start":{"line":15,"column":24},"end":{"line":15,"column":45}},"7":{"start":{"line":16,"column":12},"end":{"line":38,"column":15}},"8":{"start":{"line":28,"column":16},"end":{"line":28,"column":39}},"9":{"start":{"line":30,"column":25},"end":{"line":30,"column":27}},"10":{"start":{"line":31,"column":16},"end":{"line":34,"column":17}},"11":{"start":{"line":31,"column":26},"end":{"line":31,"column":27}},"12":{"start":{"line":32,"column":29},"end":{"line":32,"column":49}},"13":{"start":{"line":33,"column":20},"end":{"line":33,"column":52}},"14":{"start":{"line":35,"column":16},"end":{"line":35,"column":32}},"15":{"start":{"line":37,"column":16},"end":{"line":37,"column":37}},"16":{"start":{"line":40,"column":8},"end":{"line":40,"column":31}},"17":{"start":{"line":43,"column":24},"end":{"line":50,"column":5}},"18":{"start":{"line":44,"column":8},"end":{"line":49,"column":9}},"19":{"start":{"line":52,"column":4},"end":{"line":63,"column":5}},"20":{"start":{"line":57,"column":40},"end":{"line":57,"column":47}}},"fnMap":{"0":{"name":"(anonymous_0)","decl":{"start":{"line":6,"column":25},"end":{"line":6,"column":26}},"loc":{"start":{"line":6,"column":52},"end":{"line":64,"column":1}},"line":6},"1":{"name":"(anonymous_1)","decl":{"start":{"line":13,"column":14},"end":{"line":13,"column":15}},"loc":{"start":{"line":13,"column":20},"end":{"line":41,"column":5}},"line":13},"2":{"name":"getData","decl":{"start":{"line":14,"column":23},"end":{"line":14,"column":30}},"loc":{"start":{"line":14,"column":46},"end":{"line":39,"column":9}},"line":14},"3":{"name":"(anonymous_3)","decl":{"start":{"line":27,"column":20},"end":{"line":27,"column":21}},"loc":{"start":{"line":27,"column":34},"end":{"line":29,"column":13}},"line":27},"4":{"name":"(anonymous_4)","decl":{"start":{"line":29,"column":20},"end":{"line":29,"column":21}},"loc":{"start":{"line":29,"column":38},"end":{"line":36,"column":13}},"line":29},"5":{"name":"(anonymous_5)","decl":{"start":{"line":36,"column":21},"end":{"line":36,"column":22}},"loc":{"start":{"line":36,"column":32},"end":{"line":38,"column":13}},"line":36},"6":{"name":"(anonymous_6)","decl":{"start":{"line":43,"column":24},"end":{"line":43,"column":25}},"loc":{"start":{"line":43,"column":36},"end":{"line":50,"column":5}},"line":43},"7":{"name":"(anonymous_7)","decl":{"start":{"line":57,"column":30},"end":{"line":57,"column":31}},"loc":{"start":{"line":57,"column":40},"end":{"line":57,"column":47}},"line":57}},"branchMap":{},"s":{"0":0,"1":0,"2":0,"3":0,"4":0,"5":0,"6":0,"7":0,"8":0,"9":0,"10":0,"11":0,"12":0,"13":0,"14":0,"15":0,"16":0,"17":0,"18":0,"19":0,"20":0},"f":{"0":0,"1":0,"2":0,"3":0,"4":0,"5":0,"6":0,"7":0},"b":{}}
,"C:\\Users\\korisnik\\Desktop\\Monitor-Mobile-App\\screens\\TehnicianScreen\\screens\\TaskView.js": {"path":"C:\\Users\\korisnik\\Desktop\\Monitor-Mobile-App\\screens\\TehnicianScreen\\screens\\TaskView.js","statementMap":{"0":{"start":{"line":8,"column":17},"end":{"line":59,"column":1}},"1":{"start":{"line":10,"column":28},"end":{"line":16,"column":5}},"2":{"start":{"line":11,"column":8},"end":{"line":15,"column":9}},"3":{"start":{"line":12,"column":45},"end":{"line":12,"column":117}},"4":{"start":{"line":18,"column":4},"end":{"line":22,"column":6}},"5":{"start":{"line":19,"column":8},"end":{"line":21,"column":11}},"6":{"start":{"line":20,"column":31},"end":{"line":20,"column":48}},"7":{"start":{"line":24,"column":23},"end":{"line":24,"column":34}},"8":{"start":{"line":25,"column":29},"end":{"line":25,"column":35}},"9":{"start":{"line":27,"column":4},"end":{"line":58,"column":5}},"10":{"start":{"line":34,"column":45},"end":{"line":34,"column":103}},"11":{"start":{"line":40,"column":45},"end":{"line":46,"column":14}},"12":{"start":{"line":52,"column":45},"end":{"line":52,"column":99}},"13":{"start":{"line":61,"column":15},"end":{"line":98,"column":2}}},"fnMap":{"0":{"name":"(anonymous_0)","decl":{"start":{"line":8,"column":17},"end":{"line":8,"column":18}},"loc":{"start":{"line":8,"column":28},"end":{"line":59,"column":1}},"line":8},"1":{"name":"(anonymous_1)","decl":{"start":{"line":10,"column":28},"end":{"line":10,"column":29}},"loc":{"start":{"line":10,"column":34},"end":{"line":16,"column":5}},"line":10},"2":{"name":"(anonymous_2)","decl":{"start":{"line":12,"column":39},"end":{"line":12,"column":40}},"loc":{"start":{"line":12,"column":45},"end":{"line":12,"column":117}},"line":12},"3":{"name":"(anonymous_3)","decl":{"start":{"line":18,"column":14},"end":{"line":18,"column":15}},"loc":{"start":{"line":18,"column":20},"end":{"line":22,"column":5}},"line":18},"4":{"name":"(anonymous_4)","decl":{"start":{"line":20,"column":25},"end":{"line":20,"column":26}},"loc":{"start":{"line":20,"column":31},"end":{"line":20,"column":48}},"line":20},"5":{"name":"(anonymous_5)","decl":{"start":{"line":34,"column":39},"end":{"line":34,"column":40}},"loc":{"start":{"line":34,"column":45},"end":{"line":34,"column":103}},"line":34},"6":{"name":"(anonymous_6)","decl":{"start":{"line":40,"column":39},"end":{"line":40,"column":40}},"loc":{"start":{"line":40,"column":45},"end":{"line":46,"column":14}},"line":40},"7":{"name":"(anonymous_7)","decl":{"start":{"line":52,"column":39},"end":{"line":52,"column":40}},"loc":{"start":{"line":52,"column":45},"end":{"line":52,"column":99}},"line":52}},"branchMap":{},"s":{"0":0,"1":0,"2":0,"3":0,"4":0,"5":0,"6":0,"7":0,"8":0,"9":0,"10":0,"11":0,"12":0,"13":0},"f":{"0":0,"1":0,"2":0,"3":0,"4":0,"5":0,"6":0,"7":0},"b":{}}
}
