TN:
SF:App.js
FN:17,saveToken
FN:21,getToken
FN:27,App
FN:33,(anonymous_3)
FN:57,(anonymous_4)
FN:58,(anonymous_5)
FN:78,(anonymous_6)
FN:83,(anonymous_7)
FN:89,(anonymous_8)
FN:90,(anonymous_9)
FNF:10
FNH:0
FNDA:0,saveToken
FNDA:0,getToken
FNDA:0,App
FNDA:0,(anonymous_3)
FNDA:0,(anonymous_4)
FNDA:0,(anonymous_5)
FNDA:0,(anonymous_6)
FNDA:0,(anonymous_7)
FNDA:0,(anonymous_8)
FNDA:0,(anonymous_9)
DA:18,0
DA:22,0
DA:23,0
DA:28,0
DA:33,0
DA:34,0
DA:36,0
DA:42,0
DA:47,0
DA:54,0
DA:55,0
DA:57,0
DA:59,0
DA:60,0
DA:64,0
DA:65,0
DA:66,0
DA:67,0
DA:70,0
DA:71,0
DA:74,0
DA:75,0
DA:79,0
DA:80,0
DA:84,0
DA:89,0
DA:90,0
DA:93,0
DA:94,0
DA:95,0
DA:101,0
DA:102,0
DA:104,0
DA:108,0
DA:113,0
LF:35
LH:0
BRDA:34,0,0,0
BRDA:34,0,1,0
BRDA:34,0,2,0
BRDA:65,1,0,0
BRDA:65,1,1,0
BRDA:119,2,0,0
BRDA:119,2,1,0
BRDA:121,3,0,0
BRDA:121,3,1,0
BRF:9
BRH:0
end_of_record
TN:
SF:appConfig.js
FNF:0
FNH:0
DA:1,2
DA:2,2
DA:3,2
DA:4,2
LF:4
LH:4
BRF:0
BRH:0
end_of_record
TN:
SF:contexts\DeviceContext.js
FN:9,(anonymous_0)
FN:19,(anonymous_1)
FN:20,(anonymous_2)
FNF:3
FNH:0
FNDA:0,(anonymous_0)
FNDA:0,(anonymous_1)
FNDA:0,(anonymous_2)
DA:5,2
DA:7,2
DA:9,2
DA:10,0
DA:11,0
DA:12,0
DA:13,0
DA:14,0
DA:15,0
DA:16,0
DA:17,0
DA:19,0
DA:20,0
DA:21,0
DA:22,0
DA:24,0
DA:33,0
DA:51,0
LF:18
LH:3
BRDA:20,0,0,0
BRDA:20,0,1,0
BRF:2
BRH:0
end_of_record
TN:
SF:contexts\authContext.js
FN:5,(anonymous_0)
FNF:1
FNH:1
FNDA:3,(anonymous_0)
DA:3,6
DA:5,6
DA:6,3
DA:8,3
LF:4
LH:4
BRF:0
BRH:0
end_of_record
TN:
SF:contexts\userContext.js
FNF:0
FNH:0
DA:3,1
LF:1
LH:1
BRF:0
BRH:0
end_of_record
TN:
SF:screens\AccessControlScreen\AccessControlScreen.js
FN:18,postScreenshot
FN:61,AccessControlScreen
FN:64,(anonymous_2)
FN:78,saveToExpoFileSystem
FN:84,(anonymous_4)
FN:107,(anonymous_5)
FN:129,(anonymous_6)
FN:180,testZaJest
FNF:8
FNH:1
FNDA:0,postScreenshot
FNDA:0,AccessControlScreen
FNDA:0,(anonymous_2)
FNDA:0,saveToExpoFileSystem
FNDA:0,(anonymous_4)
FNDA:0,(anonymous_5)
FNDA:0,(anonymous_6)
FNDA:2,testZaJest
DA:13,1
DA:14,1
DA:15,1
DA:16,1
DA:20,0
DA:21,0
DA:22,0
DA:23,0
DA:36,0
DA:37,0
DA:38,0
DA:39,0
DA:42,0
DA:43,0
DA:45,0
DA:48,0
DA:49,0
DA:52,0
DA:53,0
DA:56,0
DA:62,0
DA:64,0
DA:65,0
DA:66,0
DA:67,0
DA:70,0
DA:75,0
DA:76,0
DA:77,0
DA:79,0
DA:80,0
DA:81,0
DA:82,0
DA:85,0
DA:90,0
DA:91,0
DA:92,0
DA:94,0
DA:102,0
DA:104,0
DA:108,0
DA:109,0
DA:111,0
DA:112,0
DA:113,0
DA:116,0
DA:117,0
DA:118,0
DA:130,0
DA:131,0
DA:141,1
DA:181,2
DA:182,1
LF:53
LH:7
BRDA:36,0,0,0
BRDA:36,0,1,0
BRDA:42,1,0,0
BRDA:42,1,1,0
BRDA:45,2,0,0
BRDA:45,2,1,0
BRDA:48,3,0,0
BRDA:48,3,1,0
BRDA:65,4,0,0
BRDA:65,4,1,0
BRDA:111,5,0,0
BRDA:111,5,1,0
BRDA:129,6,0,0
BRDA:129,6,1,0
BRDA:181,7,0,1
BRDA:181,7,1,1
BRF:16
BRH:2
end_of_record
TN:
SF:screens\AccessControlScreen\components\ListItem.js
FN:40,(anonymous_0)
FNF:1
FNH:0
FNDA:0,(anonymous_0)
DA:4,1
DA:40,1
DA:41,0
LF:3
LH:2
BRF:0
BRH:0
end_of_record
TN:
SF:screens\AccessControlScreen\components\ListItemVertical.js
FN:24,getFile
FN:64,rename
FN:101,move
FN:139,copy
FN:177,deleteFile
FN:216,deleteFolder
FN:255,saveToExpoFileSystem
FN:260,(anonymous_7)
FN:265,copyFromExpoFSToLocalFS
FN:281,downloadFile
FN:300,shareFile
FN:317,renameFileFolder
FN:324,deleteFileFolder
FN:335,copyFileFolder
FN:348,moveFileFolder
FN:361,ListItemVertical
FN:373,(anonymous_16)
FNF:17
FNH:0
FNDA:0,getFile
FNDA:0,rename
FNDA:0,move
FNDA:0,copy
FNDA:0,deleteFile
FNDA:0,deleteFolder
FNDA:0,saveToExpoFileSystem
FNDA:0,(anonymous_7)
FNDA:0,copyFromExpoFSToLocalFS
FNDA:0,downloadFile
FNDA:0,shareFile
FNDA:0,renameFileFolder
FNDA:0,deleteFileFolder
FNDA:0,copyFileFolder
FNDA:0,moveFileFolder
FNDA:0,ListItemVertical
FNDA:0,(anonymous_16)
DA:19,1
DA:20,1
DA:21,1
DA:22,1
DA:25,0
DA:26,0
DA:39,0
DA:40,0
DA:41,0
DA:42,0
DA:43,0
DA:44,0
DA:45,0
DA:46,0
DA:47,0
DA:49,0
DA:50,0
DA:51,0
DA:53,0
DA:54,0
DA:56,0
DA:57,0
DA:60,0
DA:65,0
DA:66,0
DA:80,0
DA:81,0
DA:82,0
DA:84,0
DA:86,0
DA:87,0
DA:88,0
DA:90,0
DA:91,0
DA:93,0
DA:94,0
DA:97,0
DA:102,0
DA:103,0
DA:117,0
DA:118,0
DA:119,0
DA:121,0
DA:123,0
DA:124,0
DA:125,0
DA:126,0
DA:127,0
DA:129,0
DA:130,0
DA:132,0
DA:135,0
DA:140,0
DA:141,0
DA:155,0
DA:156,0
DA:157,0
DA:159,0
DA:161,0
DA:162,0
DA:163,0
DA:164,0
DA:165,0
DA:167,0
DA:168,0
DA:170,0
DA:173,0
DA:178,0
DA:179,0
DA:181,0
DA:194,0
DA:195,0
DA:196,0
DA:198,0
DA:200,0
DA:201,0
DA:202,0
DA:204,0
DA:205,0
DA:207,0
DA:208,0
DA:211,0
DA:217,0
DA:218,0
DA:219,0
DA:232,0
DA:233,0
DA:234,0
DA:236,0
DA:238,0
DA:239,0
DA:240,0
DA:242,0
DA:243,0
DA:245,0
DA:246,0
DA:249,0
DA:256,0
DA:257,0
DA:258,0
DA:261,0
DA:266,0
DA:267,0
DA:268,0
DA:270,0
DA:271,0
DA:272,0
DA:273,0
DA:274,0
DA:278,0
DA:282,0
DA:284,0
DA:285,0
DA:286,0
DA:287,0
DA:288,0
DA:290,0
DA:291,0
DA:292,0
DA:294,0
DA:301,0
DA:303,0
DA:304,0
DA:305,0
DA:306,0
DA:307,0
DA:309,0
DA:310,0
DA:311,0
DA:313,0
DA:318,0
DA:319,0
DA:320,0
DA:321,0
DA:325,0
DA:326,0
DA:327,0
DA:328,0
DA:329,0
DA:330,0
DA:331,0
DA:336,0
DA:337,0
DA:338,0
DA:339,0
DA:341,0
DA:342,0
DA:343,0
DA:345,0
DA:349,0
DA:350,0
DA:351,0
DA:352,0
DA:354,0
DA:355,0
DA:356,0
DA:358,0
DA:368,0
DA:369,0
DA:370,0
DA:371,0
DA:374,0
DA:375,0
DA:399,1
LF:164
LH:5
BRDA:39,0,0,0
BRDA:39,0,1,0
BRDA:41,1,0,0
BRDA:41,1,1,0
BRDA:43,2,0,0
BRDA:43,2,1,0
BRDA:47,3,0,0
BRDA:47,3,1,0
BRDA:49,4,0,0
BRDA:49,4,1,0
BRDA:51,5,0,0
BRDA:51,5,1,0
BRDA:53,6,0,0
BRDA:53,6,1,0
BRDA:80,7,0,0
BRDA:80,7,1,0
BRDA:82,8,0,0
BRDA:82,8,1,0
BRDA:86,9,0,0
BRDA:86,9,1,0
BRDA:88,10,0,0
BRDA:88,10,1,0
BRDA:90,11,0,0
BRDA:90,11,1,0
BRDA:117,12,0,0
BRDA:117,12,1,0
BRDA:119,13,0,0
BRDA:119,13,1,0
BRDA:123,14,0,0
BRDA:123,14,1,0
BRDA:125,15,0,0
BRDA:125,15,1,0
BRDA:127,16,0,0
BRDA:127,16,1,0
BRDA:129,17,0,0
BRDA:129,17,1,0
BRDA:155,18,0,0
BRDA:155,18,1,0
BRDA:157,19,0,0
BRDA:157,19,1,0
BRDA:161,20,0,0
BRDA:161,20,1,0
BRDA:163,21,0,0
BRDA:163,21,1,0
BRDA:165,22,0,0
BRDA:165,22,1,0
BRDA:167,23,0,0
BRDA:167,23,1,0
BRDA:194,24,0,0
BRDA:194,24,1,0
BRDA:196,25,0,0
BRDA:196,25,1,0
BRDA:200,26,0,0
BRDA:200,26,1,0
BRDA:202,27,0,0
BRDA:202,27,1,0
BRDA:204,28,0,0
BRDA:204,28,1,0
BRDA:232,29,0,0
BRDA:232,29,1,0
BRDA:234,30,0,0
BRDA:234,30,1,0
BRDA:238,31,0,0
BRDA:238,31,1,0
BRDA:240,32,0,0
BRDA:240,32,1,0
BRDA:242,33,0,0
BRDA:242,33,1,0
BRDA:267,34,0,0
BRDA:267,34,1,0
BRDA:271,35,0,0
BRDA:271,35,1,0
BRDA:281,36,0,0
BRDA:286,37,0,0
BRDA:286,37,1,0
BRDA:287,38,0,0
BRDA:287,38,1,0
BRDA:290,39,0,0
BRDA:290,39,1,0
BRDA:291,40,0,0
BRDA:291,40,1,0
BRDA:300,41,0,0
BRDA:305,42,0,0
BRDA:305,42,1,0
BRDA:306,43,0,0
BRDA:306,43,1,0
BRDA:309,44,0,0
BRDA:309,44,1,0
BRDA:310,45,0,0
BRDA:310,45,1,0
BRDA:320,46,0,0
BRDA:320,46,1,0
BRDA:327,47,0,0
BRDA:327,47,1,0
BRDA:328,48,0,0
BRDA:328,48,1,0
BRDA:330,49,0,0
BRDA:330,49,1,0
BRDA:339,50,0,0
BRDA:339,50,1,0
BRDA:343,51,0,0
BRDA:343,51,1,0
BRDA:352,52,0,0
BRDA:352,52,1,0
BRDA:356,53,0,0
BRDA:356,53,1,0
BRF:106
BRH:0
end_of_record
TN:
SF:screens\AccessControlScreen\components\ListView.js
FN:13,(anonymous_0)
FN:17,(anonymous_1)
FNF:2
FNH:0
FNDA:0,(anonymous_0)
FNDA:0,(anonymous_1)
DA:6,1
DA:13,1
DA:14,0
DA:18,0
LF:4
LH:2
BRF:0
BRH:0
end_of_record
TN:
SF:screens\AccessControlScreen\components\ListViewVertical.js
FN:38,useSelectionChange
FN:40,(anonymous_1)
FN:41,(anonymous_2)
FN:50,ListViewVertical
FN:69,(anonymous_4)
FN:77,(anonymous_5)
FN:81,(anonymous_6)
FN:85,(anonymous_7)
FN:87,(anonymous_8)
FN:96,(anonymous_9)
FN:98,(anonymous_10)
FN:105,(anonymous_11)
FN:117,(anonymous_12)
FN:124,(anonymous_13)
FN:128,(anonymous_14)
FN:132,(anonymous_15)
FN:141,(anonymous_16)
FN:159,makeFolder
FN:209,(anonymous_18)
FN:226,(anonymous_19)
FN:256,(anonymous_20)
FN:265,(anonymous_21)
FN:288,(anonymous_22)
FN:305,(anonymous_23)
FN:321,(anonymous_24)
FN:326,(anonymous_25)
FN:341,(anonymous_26)
FN:344,(anonymous_27)
FN:345,(anonymous_28)
FN:365,sortByName
FN:366,(anonymous_30)
FN:383,(anonymous_31)
FN:389,sortByDate
FN:390,(anonymous_33)
FN:407,(anonymous_34)
FN:441,(anonymous_35)
FN:447,(anonymous_36)
FN:456,(anonymous_37)
FN:461,(anonymous_38)
FN:468,(anonymous_39)
FN:475,(anonymous_40)
FN:481,(anonymous_41)
FN:487,(anonymous_42)
FN:493,(anonymous_43)
FN:499,(anonymous_44)
FN:507,(anonymous_45)
FN:520,(anonymous_46)
FNF:47
FNH:0
FNDA:0,useSelectionChange
FNDA:0,(anonymous_1)
FNDA:0,(anonymous_2)
FNDA:0,ListViewVertical
FNDA:0,(anonymous_4)
FNDA:0,(anonymous_5)
FNDA:0,(anonymous_6)
FNDA:0,(anonymous_7)
FNDA:0,(anonymous_8)
FNDA:0,(anonymous_9)
FNDA:0,(anonymous_10)
FNDA:0,(anonymous_11)
FNDA:0,(anonymous_12)
FNDA:0,(anonymous_13)
FNDA:0,(anonymous_14)
FNDA:0,(anonymous_15)
FNDA:0,(anonymous_16)
FNDA:0,makeFolder
FNDA:0,(anonymous_18)
FNDA:0,(anonymous_19)
FNDA:0,(anonymous_20)
FNDA:0,(anonymous_21)
FNDA:0,(anonymous_22)
FNDA:0,(anonymous_23)
FNDA:0,(anonymous_24)
FNDA:0,(anonymous_25)
FNDA:0,(anonymous_26)
FNDA:0,(anonymous_27)
FNDA:0,(anonymous_28)
FNDA:0,sortByName
FNDA:0,(anonymous_30)
FNDA:0,(anonymous_31)
FNDA:0,sortByDate
FNDA:0,(anonymous_33)
FNDA:0,(anonymous_34)
FNDA:0,(anonymous_35)
FNDA:0,(anonymous_36)
FNDA:0,(anonymous_37)
FNDA:0,(anonymous_38)
FNDA:0,(anonymous_39)
FNDA:0,(anonymous_40)
FNDA:0,(anonymous_41)
FNDA:0,(anonymous_42)
FNDA:0,(anonymous_43)
FNDA:0,(anonymous_44)
FNDA:0,(anonymous_45)
FNDA:0,(anonymous_46)
DA:33,1
DA:34,1
DA:35,1
DA:36,1
DA:39,0
DA:40,0
DA:41,0
DA:42,0
DA:44,0
DA:47,0
DA:51,0
DA:52,0
DA:53,0
DA:54,0
DA:55,0
DA:56,0
DA:57,0
DA:58,0
DA:59,0
DA:61,0
DA:62,0
DA:63,0
DA:65,0
DA:66,0
DA:67,0
DA:69,0
DA:70,0
DA:71,0
DA:72,0
DA:73,0
DA:74,0
DA:77,0
DA:78,0
DA:81,0
DA:82,0
DA:85,0
DA:86,0
DA:88,0
DA:89,0
DA:91,0
DA:96,0
DA:97,0
DA:99,0
DA:100,0
DA:105,0
DA:106,0
DA:107,0
DA:109,0
DA:111,0
DA:112,0
DA:113,0
DA:117,0
DA:118,0
DA:119,0
DA:124,0
DA:125,0
DA:128,0
DA:129,0
DA:132,0
DA:133,0
DA:134,0
DA:135,0
DA:136,0
DA:137,0
DA:138,0
DA:141,0
DA:143,0
DA:144,0
DA:145,0
DA:146,0
DA:147,0
DA:151,0
DA:152,0
DA:153,0
DA:154,0
DA:155,0
DA:160,0
DA:161,0
DA:163,0
DA:164,0
DA:165,0
DA:166,0
DA:169,0
DA:170,0
DA:172,0
DA:173,0
DA:174,0
DA:175,0
DA:176,0
DA:189,0
DA:190,0
DA:191,0
DA:192,0
DA:197,0
DA:198,0
DA:199,0
DA:202,0
DA:203,0
DA:204,0
DA:209,0
DA:211,0
DA:212,0
DA:213,0
DA:214,0
DA:215,0
DA:220,0
DA:222,0
DA:226,0
DA:228,0
DA:229,0
DA:230,0
DA:231,0
DA:232,0
DA:235,0
DA:236,0
DA:237,0
DA:238,0
DA:241,0
DA:242,0
DA:243,0
DA:244,0
DA:245,0
DA:246,0
DA:249,0
DA:255,0
DA:256,0
DA:257,0
DA:258,0
DA:259,0
DA:262,0
DA:265,0
DA:267,0
DA:268,0
DA:269,0
DA:270,0
DA:271,0
DA:274,0
DA:275,0
DA:276,0
DA:277,0
DA:278,0
DA:279,0
DA:280,0
DA:283,0
DA:288,0
DA:290,0
DA:291,0
DA:292,0
DA:293,0
DA:294,0
DA:299,0
DA:301,0
DA:305,0
DA:308,0
DA:309,0
DA:310,0
DA:311,0
DA:312,0
DA:315,0
DA:321,0
DA:326,0
DA:333,0
DA:336,0
DA:337,0
DA:338,0
DA:341,0
DA:342,0
DA:344,0
DA:345,0
DA:366,0
DA:367,0
DA:368,0
DA:370,0
DA:374,0
DA:375,0
DA:376,0
DA:379,0
DA:382,0
DA:384,0
DA:390,0
DA:391,0
DA:392,0
DA:394,0
DA:398,0
DA:399,0
DA:400,0
DA:403,0
DA:406,0
DA:408,0
DA:413,0
DA:441,0
DA:448,0
DA:456,0
DA:462,0
DA:463,0
DA:469,0
DA:470,0
DA:476,0
DA:482,0
DA:488,0
DA:494,0
DA:500,0
DA:508,0
DA:520,0
DA:529,1
LF:205
LH:5
BRDA:41,0,0,0
BRDA:41,0,1,0
BRDA:88,1,0,0
BRDA:88,1,1,0
BRDA:106,2,0,0
BRDA:106,2,1,0
BRDA:118,3,0,0
BRDA:118,3,1,0
BRDA:118,4,0,0
BRDA:118,4,1,0
BRDA:145,5,0,0
BRDA:145,5,1,0
BRDA:151,6,0,0
BRDA:151,6,1,0
BRDA:165,7,0,0
BRDA:165,7,1,0
BRDA:165,8,0,0
BRDA:165,8,1,0
BRDA:169,9,0,0
BRDA:169,9,1,0
BRDA:189,10,0,0
BRDA:189,10,1,0
BRDA:197,11,0,0
BRDA:197,11,1,0
BRDA:199,12,0,0
BRDA:199,12,1,0
BRDA:213,13,0,0
BRDA:213,13,1,0
BRDA:220,14,0,0
BRDA:220,14,1,0
BRDA:230,15,0,0
BRDA:230,15,1,0
BRDA:235,16,0,0
BRDA:235,16,1,0
BRDA:235,17,0,0
BRDA:235,17,1,0
BRDA:237,18,0,0
BRDA:237,18,1,0
BRDA:245,19,0,0
BRDA:245,19,1,0
BRDA:257,20,0,0
BRDA:257,20,1,0
BRDA:269,21,0,0
BRDA:269,21,1,0
BRDA:274,22,0,0
BRDA:274,22,1,0
BRDA:274,23,0,0
BRDA:274,23,1,0
BRDA:279,24,0,0
BRDA:279,24,1,0
BRDA:292,25,0,0
BRDA:292,25,1,0
BRDA:299,26,0,0
BRDA:299,26,1,0
BRDA:310,27,0,0
BRDA:310,27,1,0
BRDA:312,28,0,0
BRDA:312,28,1,0
BRDA:312,29,0,0
BRDA:312,29,1,0
BRDA:347,30,0,0
BRDA:347,30,1,0
BRDA:351,31,0,0
BRDA:351,31,1,0
BRDA:367,32,0,0
BRDA:367,32,1,0
BRDA:370,33,0,0
BRDA:370,33,1,0
BRDA:374,34,0,0
BRDA:374,34,1,0
BRDA:391,35,0,0
BRDA:391,35,1,0
BRDA:394,36,0,0
BRDA:394,36,1,0
BRDA:398,37,0,0
BRDA:398,37,1,0
BRDA:433,38,0,0
BRDA:433,38,1,0
BRF:78
BRH:0
end_of_record
TN:
SF:screens\AccessControlScreen\components\SelectionListHeader.js
FN:14,SelectionListHeader
FN:15,(anonymous_1)
FN:18,(anonymous_2)
FN:21,(anonymous_3)
FN:27,(anonymous_4)
FNF:5
FNH:0
FNDA:0,SelectionListHeader
FNDA:0,(anonymous_1)
FNDA:0,(anonymous_2)
FNDA:0,(anonymous_3)
FNDA:0,(anonymous_4)
DA:15,0
DA:16,0
DA:18,0
DA:22,0
DA:27,0
DA:28,0
DA:29,0
DA:33,0
LF:8
LH:0
BRDA:28,0,0,0
BRDA:28,0,1,0
BRDA:35,1,0,0
BRDA:35,1,1,0
BRDA:47,2,0,0
BRDA:47,2,1,0
BRDA:51,3,0,0
BRDA:51,3,1,0
BRF:8
BRH:0
end_of_record
TN:
SF:screens\AccessControlScreen\screens\ChoiceDevices.js
FN:19,useSelectionChange
FN:21,(anonymous_1)
FN:22,(anonymous_2)
FN:31,App
FN:37,(anonymous_4)
FN:38,getData
FN:55,(anonymous_6)
FN:57,(anonymous_7)
FN:66,(anonymous_8)
FN:68,(anonymous_9)
FN:75,(anonymous_10)
FN:83,(anonymous_11)
FN:89,(anonymous_12)
FN:93,(anonymous_13)
FN:96,(anonymous_14)
FN:97,(anonymous_15)
FN:119,(anonymous_16)
FNF:17
FNH:0
FNDA:0,useSelectionChange
FNDA:0,(anonymous_1)
FNDA:0,(anonymous_2)
FNDA:0,App
FNDA:0,(anonymous_4)
FNDA:0,getData
FNDA:0,(anonymous_6)
FNDA:0,(anonymous_7)
FNDA:0,(anonymous_8)
FNDA:0,(anonymous_9)
FNDA:0,(anonymous_10)
FNDA:0,(anonymous_11)
FNDA:0,(anonymous_12)
FNDA:0,(anonymous_13)
FNDA:0,(anonymous_14)
FNDA:0,(anonymous_15)
FNDA:0,(anonymous_16)
DA:20,0
DA:21,0
DA:22,0
DA:23,0
DA:25,0
DA:28,0
DA:32,0
DA:33,0
DA:35,0
DA:37,0
DA:39,0
DA:40,0
DA:41,0
DA:42,0
DA:48,0
DA:50,0
DA:52,0
DA:55,0
DA:56,0
DA:58,0
DA:59,0
DA:61,0
DA:66,0
DA:67,0
DA:69,0
DA:70,0
DA:75,0
DA:76,0
DA:77,0
DA:79,0
DA:83,0
DA:84,0
DA:85,0
DA:89,0
DA:90,0
DA:93,0
DA:94,0
DA:96,0
DA:97,0
DA:112,0
DA:120,0
DA:132,0
LF:42
LH:0
BRDA:22,0,0,0
BRDA:22,0,1,0
BRDA:58,1,0,0
BRDA:58,1,1,0
BRDA:76,2,0,0
BRDA:76,2,1,0
BRDA:84,3,0,0
BRDA:84,3,1,0
BRDA:98,4,0,0
BRDA:98,4,1,0
BRF:10
BRH:0
end_of_record
TN:
SF:screens\AccessControlScreen\screens\ChoiceManager.js
FN:14,App
FN:20,(anonymous_1)
FN:21,(anonymous_2)
FN:26,(anonymous_3)
FN:32,(anonymous_4)
FN:40,getFiles
FN:99,(anonymous_6)
FN:125,copyOrMove
FNF:8
FNH:0
FNDA:0,App
FNDA:0,(anonymous_1)
FNDA:0,(anonymous_2)
FNDA:0,(anonymous_3)
FNDA:0,(anonymous_4)
FNDA:0,getFiles
FNDA:0,(anonymous_6)
FNDA:0,copyOrMove
DA:12,0
DA:16,0
DA:17,0
DA:18,0
DA:19,0
DA:20,0
DA:21,0
DA:22,0
DA:23,0
DA:24,0
DA:26,0
DA:27,0
DA:32,0
DA:33,0
DA:34,0
DA:35,0
DA:36,0
DA:37,0
DA:38,0
DA:41,0
DA:42,0
DA:43,0
DA:54,0
DA:55,0
DA:57,0
DA:58,0
DA:59,0
DA:60,0
DA:61,0
DA:62,0
DA:63,0
DA:64,0
DA:67,0
DA:69,0
DA:70,0
DA:72,0
DA:76,0
DA:77,0
DA:78,0
DA:82,0
DA:83,0
DA:85,0
DA:89,0
DA:100,0
DA:101,0
DA:102,0
DA:103,0
DA:104,0
DA:105,0
DA:106,0
DA:108,0
DA:109,0
DA:111,0
DA:112,0
DA:113,0
DA:115,0
DA:126,0
DA:127,0
DA:141,0
DA:142,0
DA:143,0
DA:145,0
DA:149,0
DA:150,0
DA:151,0
DA:153,0
DA:154,0
DA:156,0
DA:159,0
DA:160,0
DA:163,0
DA:167,0
DA:171,0
LF:73
LH:0
BRDA:54,0,0,0
BRDA:54,0,1,0
BRDA:63,1,0,0
BRDA:63,1,1,0
BRDA:69,2,0,0
BRDA:69,2,1,0
BRDA:72,3,0,0
BRDA:72,3,1,0
BRDA:105,4,0,0
BRDA:105,4,1,0
BRDA:112,5,0,0
BRDA:112,5,1,0
BRDA:141,6,0,0
BRDA:141,6,1,0
BRDA:143,7,0,0
BRDA:143,7,1,0
BRDA:149,8,0,0
BRDA:149,8,1,0
BRDA:153,9,0,0
BRDA:153,9,1,0
BRDA:156,10,0,0
BRDA:156,10,1,0
BRDA:159,11,0,0
BRDA:159,11,1,0
BRF:24
BRH:0
end_of_record
TN:
SF:screens\AccessControlScreen\screens\ChoiceSubDirectory.js
FN:12,App
FN:22,(anonymous_1)
FN:49,(anonymous_2)
FN:64,(anonymous_3)
FN:86,copyOrMove
FNF:5
FNH:0
FNDA:0,App
FNDA:0,(anonymous_1)
FNDA:0,(anonymous_2)
FNDA:0,(anonymous_3)
FNDA:0,copyOrMove
DA:10,0
DA:13,0
DA:14,0
DA:15,0
DA:16,0
DA:17,0
DA:18,0
DA:19,0
DA:20,0
DA:22,0
DA:23,0
DA:24,0
DA:25,0
DA:26,0
DA:27,0
DA:28,0
DA:30,0
DA:31,0
DA:32,0
DA:33,0
DA:34,0
DA:35,0
DA:36,0
DA:38,0
DA:39,0
DA:40,0
DA:41,0
DA:42,0
DA:43,0
DA:46,0
DA:49,0
DA:50,0
DA:55,0
DA:65,0
DA:66,0
DA:67,0
DA:68,0
DA:69,0
DA:70,0
DA:71,0
DA:73,0
DA:74,0
DA:76,0
DA:77,0
DA:78,0
DA:87,0
DA:88,0
DA:89,0
DA:90,0
DA:91,0
DA:92,0
DA:106,0
DA:107,0
DA:108,0
DA:110,0
DA:114,0
DA:115,0
DA:116,0
DA:118,0
DA:119,0
DA:121,0
DA:124,0
DA:125,0
DA:128,0
DA:132,0
DA:136,0
LF:66
LH:0
BRDA:42,0,0,0
BRDA:42,0,1,0
BRDA:70,1,0,0
BRDA:70,1,1,0
BRDA:77,2,0,0
BRDA:77,2,1,0
BRDA:106,3,0,0
BRDA:106,3,1,0
BRDA:108,4,0,0
BRDA:108,4,1,0
BRDA:114,5,0,0
BRDA:114,5,1,0
BRDA:118,6,0,0
BRDA:118,6,1,0
BRDA:121,7,0,0
BRDA:121,7,1,0
BRDA:124,8,0,0
BRDA:124,8,1,0
BRF:18
BRH:0
end_of_record
TN:
SF:screens\AccessControlScreen\screens\FileManager.js
FN:13,App
FN:16,(anonymous_1)
FN:17,(anonymous_2)
FN:22,(anonymous_3)
FN:23,(anonymous_4)
FN:30,getFiles
FNF:6
FNH:0
FNDA:0,App
FNDA:0,(anonymous_1)
FNDA:0,(anonymous_2)
FNDA:0,(anonymous_3)
FNDA:0,(anonymous_4)
FNDA:0,getFiles
DA:11,0
DA:15,0
DA:16,0
DA:17,0
DA:18,0
DA:19,0
DA:20,0
DA:22,0
DA:23,0
DA:24,0
DA:27,0
DA:31,0
DA:32,0
DA:33,0
DA:44,0
DA:45,0
DA:47,0
DA:48,0
DA:49,0
DA:50,0
DA:51,0
DA:52,0
DA:53,0
DA:54,0
DA:57,0
DA:59,0
DA:60,0
DA:62,0
DA:66,0
DA:67,0
DA:68,0
DA:72,0
DA:86,0
LF:33
LH:0
BRDA:44,0,0,0
BRDA:44,0,1,0
BRDA:53,1,0,0
BRDA:53,1,1,0
BRDA:59,2,0,0
BRDA:59,2,1,0
BRDA:62,3,0,0
BRDA:62,3,1,0
BRF:8
BRH:0
end_of_record
TN:
SF:screens\AccessControlScreen\screens\SubDirectory.js
FN:12,App
FN:19,(anonymous_1)
FN:38,(anonymous_2)
FNF:3
FNH:0
FNDA:0,App
FNDA:0,(anonymous_1)
FNDA:0,(anonymous_2)
DA:10,0
DA:13,0
DA:14,0
DA:15,0
DA:16,0
DA:17,0
DA:19,0
DA:20,0
DA:21,0
DA:22,0
DA:23,0
DA:24,0
DA:25,0
DA:27,0
DA:28,0
DA:29,0
DA:30,0
DA:31,0
DA:32,0
DA:35,0
DA:38,0
DA:39,0
DA:44,0
DA:55,0
LF:24
LH:0
BRDA:31,0,0,0
BRDA:31,0,1,0
BRF:2
BRH:0
end_of_record
TN:
SF:screens\AccessControlScreen\screens\WebViewScreen.js
FN:5,WebViewScreen
FN:7,(anonymous_1)
FNF:2
FNH:0
FNDA:0,WebViewScreen
FNDA:0,(anonymous_1)
DA:6,0
DA:7,0
DA:8,0
DA:10,0
DA:11,0
LF:5
LH:0
BRDA:14,0,0,0
BRDA:14,0,1,0
BRF:2
BRH:0
end_of_record
TN:
SF:screens\ConsoleScreen\Console.js
FN:15,Console
FN:46,(anonymous_1)
FN:47,(anonymous_2)
FN:54,(anonymous_3)
FN:55,(anonymous_4)
FN:62,(anonymous_5)
FN:70,(anonymous_6)
FN:81,(anonymous_7)
FN:82,(anonymous_8)
FN:88,(anonymous_9)
FN:103,(anonymous_10)
FN:104,(anonymous_11)
FN:112,(anonymous_12)
FN:117,(anonymous_13)
FN:134,(anonymous_14)
FN:135,(anonymous_15)
FN:139,(anonymous_16)
FN:158,(anonymous_17)
FN:159,(anonymous_18)
FN:179,(anonymous_19)
FN:187,(anonymous_20)
FN:190,(anonymous_21)
FN:207,(anonymous_22)
FN:208,(anonymous_23)
FN:216,(anonymous_24)
FN:223,(anonymous_25)
FN:249,(anonymous_26)
FN:252,(anonymous_27)
FNF:28
FNH:0
FNDA:0,Console
FNDA:0,(anonymous_1)
FNDA:0,(anonymous_2)
FNDA:0,(anonymous_3)
FNDA:0,(anonymous_4)
FNDA:0,(anonymous_5)
FNDA:0,(anonymous_6)
FNDA:0,(anonymous_7)
FNDA:0,(anonymous_8)
FNDA:0,(anonymous_9)
FNDA:0,(anonymous_10)
FNDA:0,(anonymous_11)
FNDA:0,(anonymous_12)
FNDA:0,(anonymous_13)
FNDA:0,(anonymous_14)
FNDA:0,(anonymous_15)
FNDA:0,(anonymous_16)
FNDA:0,(anonymous_17)
FNDA:0,(anonymous_18)
FNDA:0,(anonymous_19)
FNDA:0,(anonymous_20)
FNDA:0,(anonymous_21)
FNDA:0,(anonymous_22)
FNDA:0,(anonymous_23)
FNDA:0,(anonymous_24)
FNDA:0,(anonymous_25)
FNDA:0,(anonymous_26)
FNDA:0,(anonymous_27)
DA:17,0
DA:18,0
DA:19,0
DA:21,0
DA:23,0
DA:24,0
DA:25,0
DA:26,0
DA:27,0
DA:29,0
DA:30,0
DA:31,0
DA:32,0
DA:33,0
DA:34,0
DA:35,0
DA:36,0
DA:37,0
DA:39,0
DA:40,0
DA:42,0
DA:44,0
DA:46,0
DA:47,0
DA:48,0
DA:54,0
DA:55,0
DA:56,0
DA:62,0
DA:63,0
DA:70,0
DA:71,0
DA:72,0
DA:74,0
DA:81,0
DA:83,0
DA:84,0
DA:88,0
DA:89,0
DA:90,0
DA:92,0
DA:103,0
DA:105,0
DA:106,0
DA:107,0
DA:112,0
DA:113,0
DA:114,0
DA:117,0
DA:118,0
DA:119,0
DA:120,0
DA:134,0
DA:139,0
DA:140,0
DA:142,0
DA:144,0
DA:158,0
DA:161,0
DA:162,0
DA:164,0
DA:166,0
DA:167,0
DA:168,0
DA:170,0
DA:171,0
DA:172,0
DA:174,0
DA:179,0
DA:180,0
DA:181,0
DA:182,0
DA:183,0
DA:184,0
DA:185,0
DA:187,0
DA:190,0
DA:191,0
DA:192,0
DA:193,0
DA:207,0
DA:209,0
DA:210,0
DA:211,0
DA:212,0
DA:216,0
DA:217,0
DA:218,0
DA:219,0
DA:220,0
DA:221,0
DA:222,0
DA:223,0
DA:224,0
DA:225,0
DA:227,0
DA:228,0
DA:229,0
DA:230,0
DA:231,0
DA:234,0
DA:238,0
DA:249,0
DA:253,0
DA:254,0
DA:255,0
DA:256,0
DA:258,0
DA:261,0
DA:262,0
DA:263,0
DA:264,0
DA:267,0
DA:268,0
DA:269,0
DA:270,0
DA:273,0
DA:274,0
DA:275,0
DA:276,0
DA:279,0
DA:280,0
DA:284,0
DA:287,0
LF:124
LH:0
BRDA:106,0,0,0
BRDA:106,0,1,0
BRDA:113,1,0,0
BRDA:113,1,1,0
BRDA:161,2,0,0
BRDA:161,2,1,0
BRDA:166,3,0,0
BRDA:166,3,1,0
BRDA:171,4,0,0
BRDA:171,4,1,0
BRDA:184,5,0,0
BRDA:184,5,1,0
BRDA:218,6,0,0
BRDA:218,6,1,0
BRDA:230,7,0,0
BRDA:230,7,1,0
BRDA:258,8,0,0
BRDA:258,8,1,0
BRDA:261,9,0,0
BRDA:261,9,1,0
BRDA:261,10,0,0
BRDA:261,10,1,0
BRDA:267,11,0,0
BRDA:267,11,1,0
BRDA:273,12,0,0
BRDA:273,12,1,0
BRDA:279,13,0,0
BRDA:279,13,1,0
BRDA:279,14,0,0
BRDA:279,14,1,0
BRDA:279,14,2,0
BRDA:279,14,3,0
BRDA:279,14,4,0
BRF:33
BRH:0
end_of_record
TN:
SF:screens\ConsoleScreen\ConsoleLog.js
FN:8,ConsoleLog
FN:22,(anonymous_1)
FN:23,(anonymous_2)
FN:30,(anonymous_3)
FN:31,(anonymous_4)
FN:38,(anonymous_5)
FN:50,(anonymous_6)
FN:51,(anonymous_7)
FN:60,(anonymous_8)
FN:79,(anonymous_9)
FN:80,(anonymous_10)
FN:101,(anonymous_11)
FN:102,(anonymous_12)
FN:111,(anonymous_13)
FN:113,(anonymous_14)
FN:114,(anonymous_15)
FN:116,(anonymous_16)
FNF:17
FNH:0
FNDA:0,ConsoleLog
FNDA:0,(anonymous_1)
FNDA:0,(anonymous_2)
FNDA:0,(anonymous_3)
FNDA:0,(anonymous_4)
FNDA:0,(anonymous_5)
FNDA:0,(anonymous_6)
FNDA:0,(anonymous_7)
FNDA:0,(anonymous_8)
FNDA:0,(anonymous_9)
FNDA:0,(anonymous_10)
FNDA:0,(anonymous_11)
FNDA:0,(anonymous_12)
FNDA:0,(anonymous_13)
FNDA:0,(anonymous_14)
FNDA:0,(anonymous_15)
FNDA:0,(anonymous_16)
DA:10,0
DA:11,0
DA:13,0
DA:14,0
DA:15,0
DA:16,0
DA:17,0
DA:18,0
DA:19,0
DA:20,0
DA:22,0
DA:23,0
DA:24,0
DA:30,0
DA:31,0
DA:32,0
DA:38,0
DA:39,0
DA:41,0
DA:43,0
DA:50,0
DA:52,0
DA:53,0
DA:54,0
DA:60,0
DA:61,0
DA:62,0
DA:63,0
DA:65,0
DA:67,0
DA:68,0
DA:70,0
DA:72,0
DA:79,0
DA:81,0
DA:82,0
DA:83,0
DA:84,0
DA:89,0
DA:90,0
DA:92,0
DA:93,0
DA:95,0
DA:101,0
DA:103,0
DA:112,0
DA:113,0
DA:114,0
DA:117,0
LF:49
LH:0
BRDA:67,0,0,0
BRDA:67,0,1,0
BRDA:89,1,0,0
BRDA:89,1,1,0
BRDA:92,2,0,0
BRDA:92,2,1,0
BRDA:112,3,0,0
BRDA:112,3,1,0
BRF:8
BRH:0
end_of_record
TN:
SF:screens\ConsoleScreen\ConsoleLogRow.js
FN:5,ConsoleLogRow
FN:11,(anonymous_1)
FNF:2
FNH:0
FNDA:0,ConsoleLogRow
FNDA:0,(anonymous_1)
DA:7,0
DA:9,0
DA:12,0
LF:3
LH:0
BRF:0
BRH:0
end_of_record
TN:
SF:screens\ConsoleScreen\ConsoleRow.js
FN:5,ConsoleRow
FN:9,(anonymous_1)
FNF:2
FNH:0
FNDA:0,ConsoleRow
FNDA:0,(anonymous_1)
DA:7,0
DA:10,0
LF:2
LH:0
BRF:0
BRH:0
end_of_record
TN:
SF:screens\ConsoleScreen\Styles.js
FNF:0
FNH:0
DA:3,0
LF:1
LH:0
BRF:0
BRH:0
end_of_record
TN:
SF:screens\HomeScreen\HomeScreen.js
FN:9,HomeScreen
FN:21,(anonymous_1)
FN:23,(anonymous_2)
FN:32,(anonymous_3)
FNF:4
FNH:0
FNDA:0,HomeScreen
FNDA:0,(anonymous_1)
FNDA:0,(anonymous_2)
FNDA:0,(anonymous_3)
DA:10,0
DA:11,0
DA:13,0
DA:21,0
DA:23,0
DA:32,0
DA:40,0
LF:7
LH:0
BRF:0
BRH:0
end_of_record
TN:
SF:screens\LoginScreen\LoadingScreen.js
FN:4,LoadingScreen
FNF:1
FNH:0
FNDA:0,LoadingScreen
DA:5,0
LF:1
LH:0
BRF:0
BRH:0
end_of_record
TN:
SF:screens\LoginScreen\LoginScreen.js
FN:6,LoginScreen
FN:23,(anonymous_1)
FN:29,(anonymous_2)
FN:36,(anonymous_3)
FNF:4
FNH:0
FNDA:0,LoginScreen
FNDA:0,(anonymous_1)
FNDA:0,(anonymous_2)
FNDA:0,(anonymous_3)
DA:7,0
DA:8,0
DA:10,0
DA:12,0
DA:23,0
DA:29,0
DA:37,0
DA:47,0
LF:8
LH:0
BRF:0
BRH:0
end_of_record
TN:
SF:screens\MainTabScreen\MainTabScreen.js
FN:44,(anonymous_0)
FN:57,(anonymous_1)
FN:68,(anonymous_2)
FN:79,(anonymous_3)
FN:98,(anonymous_4)
FN:113,(anonymous_5)
FN:115,(anonymous_6)
FN:171,(anonymous_7)
FN:214,(anonymous_8)
FNF:9
FNH:0
FNDA:0,(anonymous_0)
FNDA:0,(anonymous_1)
FNDA:0,(anonymous_2)
FNDA:0,(anonymous_3)
FNDA:0,(anonymous_4)
FNDA:0,(anonymous_5)
FNDA:0,(anonymous_6)
FNDA:0,(anonymous_7)
FNDA:0,(anonymous_8)
DA:35,0
DA:37,0
DA:39,0
DA:42,0
DA:44,0
DA:45,0
DA:58,0
DA:69,0
DA:80,0
DA:98,0
DA:99,0
DA:114,0
DA:115,0
DA:171,0
DA:172,0
DA:214,0
DA:215,0
LF:17
LH:0
BRF:0
BRH:0
end_of_record
TN:
SF:screens\ReportScreen\ReportScreen.js
FN:11,(anonymous_0)
FN:16,filterActive
FN:17,(anonymous_2)
FN:18,(anonymous_3)
FN:29,(anonymous_4)
FN:30,getData
FN:35,(anonymous_6)
FN:37,(anonymous_7)
FN:52,(anonymous_8)
FN:66,(anonymous_9)
FN:68,(anonymous_10)
FNF:11
FNH:0
FNDA:0,(anonymous_0)
FNDA:0,filterActive
FNDA:0,(anonymous_2)
FNDA:0,(anonymous_3)
FNDA:0,(anonymous_4)
FNDA:0,getData
FNDA:0,(anonymous_6)
FNDA:0,(anonymous_7)
FNDA:0,(anonymous_8)
FNDA:0,(anonymous_9)
FNDA:0,(anonymous_10)
DA:11,0
DA:12,0
DA:13,0
DA:14,0
DA:17,0
DA:18,0
DA:19,0
DA:21,0
DA:22,0
DA:23,0
DA:25,0
DA:29,0
DA:31,0
DA:32,0
DA:36,0
DA:38,0
DA:39,0
DA:40,0
DA:41,0
DA:47,0
DA:49,0
DA:50,0
DA:51,0
DA:53,0
DA:56,0
DA:60,0
DA:66,0
DA:68,0
DA:85,0
LF:29
LH:0
BRDA:17,0,0,0
BRDA:17,0,1,0
BRDA:21,1,0,0
BRDA:21,1,1,0
BRDA:73,2,0,0
BRDA:73,2,1,0
BRF:6
BRH:0
end_of_record
TN:
SF:screens\ReportScreen\components\ActiveListItem.js
FN:42,(anonymous_0)
FN:45,(anonymous_1)
FNF:2
FNH:0
FNDA:0,(anonymous_0)
FNDA:0,(anonymous_1)
DA:6,0
DA:42,0
DA:43,0
DA:44,0
DA:45,0
LF:5
LH:0
BRF:0
BRH:0
end_of_record
TN:
SF:screens\ReportScreen\components\ActiveListView.js
FN:7,(anonymous_0)
FN:10,(anonymous_1)
FN:12,(anonymous_2)
FNF:3
FNH:0
FNDA:0,(anonymous_0)
FNDA:0,(anonymous_1)
FNDA:0,(anonymous_2)
DA:7,0
DA:8,0
DA:10,0
DA:12,0
DA:21,0
LF:5
LH:0
BRF:0
BRH:0
end_of_record
TN:
SF:screens\ReportScreen\components\ListItem.js
FN:41,(anonymous_0)
FN:44,(anonymous_1)
FNF:2
FNH:0
FNDA:0,(anonymous_0)
FNDA:0,(anonymous_1)
DA:6,0
DA:41,0
DA:42,0
DA:43,0
DA:44,0
LF:5
LH:0
BRF:0
BRH:0
end_of_record
TN:
SF:screens\ReportScreen\components\ListView.js
FN:6,(anonymous_0)
FN:9,(anonymous_1)
FN:11,(anonymous_2)
FNF:3
FNH:0
FNDA:0,(anonymous_0)
FNDA:0,(anonymous_1)
FNDA:0,(anonymous_2)
DA:6,0
DA:7,0
DA:9,0
DA:11,0
DA:20,0
LF:5
LH:0
BRF:0
BRH:0
end_of_record
TN:
SF:screens\ReportScreen\components\StatisticsView.js
FN:8,getStatisticalData
FN:15,(anonymous_1)
FN:20,(anonymous_2)
FN:21,getData
FN:37,(anonymous_4)
FN:39,(anonymous_5)
FN:41,(anonymous_6)
FNF:7
FNH:0
FNDA:0,getStatisticalData
FNDA:0,(anonymous_1)
FNDA:0,(anonymous_2)
FNDA:0,getData
FNDA:0,(anonymous_4)
FNDA:0,(anonymous_5)
FNDA:0,(anonymous_6)
DA:9,0
DA:10,0
DA:11,0
DA:12,0
DA:15,0
DA:16,0
DA:17,0
DA:18,0
DA:20,0
DA:22,0
DA:24,0
DA:25,0
DA:26,0
DA:27,0
DA:28,0
DA:29,0
DA:31,0
DA:38,0
DA:40,0
DA:42,0
DA:45,0
DA:48,0
DA:49,0
DA:50,0
DA:71,0
LF:25
LH:0
BRDA:9,0,0,0
BRDA:9,0,1,0
BRDA:9,1,0,0
BRDA:9,1,1,0
BRF:4
BRH:0
end_of_record
TN:
SF:screens\ReportScreen\screens\MachineScreen.js
FN:13,(anonymous_0)
FN:36,(anonymous_1)
FN:61,(anonymous_2)
FNF:3
FNH:0
FNDA:0,(anonymous_0)
FNDA:0,(anonymous_1)
FNDA:0,(anonymous_2)
DA:13,0
DA:14,0
DA:15,0
DA:16,0
DA:36,0
DA:37,0
DA:38,0
DA:39,0
DA:52,0
DA:56,0
DA:62,0
DA:63,0
DA:73,0
LF:13
LH:0
BRF:0
BRH:0
end_of_record
TN:
SF:screens\ReportScreen\screens\OptionScreen.js
FN:12,(anonymous_0)
FNF:1
FNH:0
FNDA:0,(anonymous_0)
DA:12,0
DA:13,0
DA:15,0
DA:16,0
DA:23,0
DA:30,0
DA:43,0
DA:63,0
LF:8
LH:0
BRF:0
BRH:0
end_of_record
TN:
SF:screens\ReportScreen\screens\StatisticScreen.js
FN:8,(anonymous_0)
FNF:1
FNH:0
FNDA:0,(anonymous_0)
DA:8,0
DA:9,0
DA:10,0
LF:3
LH:0
BRF:0
BRH:0
end_of_record
TN:
SF:screens\TehnicianScreen\TehnicianScreen.js
FN:6,TehnicianScreen
FN:14,(anonymous_1)
FN:25,(anonymous_2)
FNF:3
FNH:3
FNDA:4,TehnicianScreen
FNDA:1,(anonymous_1)
FNDA:1,(anonymous_2)
DA:7,4
DA:14,1
DA:25,1
DA:41,1
LF:4
LH:4
BRF:0
BRH:0
end_of_record
TN:
SF:screens\TehnicianScreen\screens\AddComponent.js
FN:8,submit
FN:32,(anonymous_1)
FN:46,(anonymous_2)
FN:54,(anonymous_3)
FN:69,(anonymous_4)
FN:86,(anonymous_5)
FNF:6
FNH:1
FNDA:1,submit
FNDA:0,(anonymous_1)
FNDA:0,(anonymous_2)
FNDA:0,(anonymous_3)
FNDA:0,(anonymous_4)
FNDA:0,(anonymous_5)
DA:9,1
DA:10,1
DA:24,1
DA:25,1
DA:27,0
DA:32,1
DA:33,0
DA:34,0
DA:35,0
DA:36,0
DA:37,0
DA:41,0
DA:47,0
DA:48,0
DA:49,0
DA:50,0
DA:55,0
DA:69,0
DA:86,0
DA:98,1
LF:20
LH:6
BRF:0
BRH:0
end_of_record
TN:
SF:screens\TehnicianScreen\screens\AddTask.js
FN:12,postTask
FN:40,AddTask
FN:54,(anonymous_2)
FN:55,getData
FN:76,(anonymous_4)
FN:82,(anonymous_5)
FN:87,(anonymous_6)
FN:91,(anonymous_7)
FN:95,(anonymous_8)
FN:108,(anonymous_9)
FN:113,(anonymous_10)
FN:128,(anonymous_11)
FN:167,(anonymous_12)
FN:185,(anonymous_13)
FN:202,(anonymous_14)
FNF:15
FNH:5
FNDA:1,postTask
FNDA:1,AddTask
FNDA:1,(anonymous_2)
FNDA:1,getData
FNDA:0,(anonymous_4)
FNDA:0,(anonymous_5)
FNDA:0,(anonymous_6)
FNDA:0,(anonymous_7)
FNDA:0,(anonymous_8)
FNDA:0,(anonymous_9)
FNDA:1,(anonymous_10)
FNDA:0,(anonymous_11)
FNDA:0,(anonymous_12)
FNDA:0,(anonymous_13)
FNDA:0,(anonymous_14)
DA:13,1
DA:14,1
DA:15,1
DA:16,1
DA:18,1
DA:32,1
DA:33,1
DA:35,0
DA:41,1
DA:42,1
DA:43,1
DA:44,1
DA:45,1
DA:46,1
DA:47,1
DA:48,1
DA:49,1
DA:50,1
DA:51,1
DA:52,1
DA:54,1
DA:56,1
DA:57,1
DA:58,0
DA:62,0
DA:63,0
DA:64,0
DA:65,0
DA:67,0
DA:68,0
DA:70,1
DA:73,1
DA:76,1
DA:77,0
DA:78,0
DA:79,0
DA:82,1
DA:83,0
DA:84,0
DA:87,1
DA:88,0
DA:91,1
DA:92,0
DA:95,1
DA:96,0
DA:97,0
DA:100,0
DA:101,0
DA:102,0
DA:107,1
DA:108,0
DA:114,1
DA:128,0
DA:167,0
DA:185,0
DA:203,0
DA:204,0
DA:207,0
DA:218,1
LF:59
LH:32
BRDA:77,0,0,0
BRDA:77,0,1,0
BRDA:96,1,0,0
BRDA:96,1,1,0
BRDA:149,2,0,1
BRDA:149,2,1,0
BRDA:204,3,0,0
BRDA:204,3,1,0
BRF:8
BRH:1
end_of_record
TN:
SF:screens\TehnicianScreen\screens\ComponentView.js
FN:6,(anonymous_0)
FN:20,(anonymous_1)
FN:25,(anonymous_2)
FN:27,getData
FN:32,(anonymous_4)
FN:34,(anonymous_5)
FN:42,(anonymous_6)
FN:53,(anonymous_7)
FN:56,(anonymous_8)
FNF:9
FNH:0
FNDA:0,(anonymous_0)
FNDA:0,(anonymous_1)
FNDA:0,(anonymous_2)
FNDA:0,getData
FNDA:0,(anonymous_4)
FNDA:0,(anonymous_5)
FNDA:0,(anonymous_6)
FNDA:0,(anonymous_7)
FNDA:0,(anonymous_8)
DA:6,0
DA:7,0
DA:20,0
DA:21,0
DA:22,0
DA:23,0
DA:25,0
DA:28,0
DA:29,0
DA:33,0
DA:35,0
DA:39,0
DA:42,0
DA:43,0
DA:48,0
DA:53,0
DA:56,0
DA:66,0
LF:18
LH:0
BRDA:70,0,0,0
BRDA:70,0,1,0
BRF:2
BRH:0
end_of_record
TN:
SF:screens\TehnicianScreen\screens\EditTask.js
FN:13,putTask
FN:42,postTracker
FN:68,timeDiffCalc
FN:80,EditTask
FN:98,(anonymous_4)
FN:99,getData
FN:129,(anonymous_6)
FN:135,(anonymous_7)
FN:140,(anonymous_8)
FN:144,(anonymous_9)
FN:148,(anonymous_10)
FN:152,(anonymous_11)
FN:164,(anonymous_12)
FN:169,(anonymous_13)
FN:184,(anonymous_14)
FN:213,(anonymous_15)
FN:231,(anonymous_16)
FN:266,(anonymous_17)
FN:276,(anonymous_18)
FNF:19
FNH:7
FNDA:1,putTask
FNDA:1,postTracker
FNDA:3,timeDiffCalc
FNDA:2,EditTask
FNDA:1,(anonymous_4)
FNDA:1,getData
FNDA:0,(anonymous_6)
FNDA:0,(anonymous_7)
FNDA:0,(anonymous_8)
FNDA:0,(anonymous_9)
FNDA:0,(anonymous_10)
FNDA:0,(anonymous_11)
FNDA:0,(anonymous_12)
FNDA:2,(anonymous_13)
FNDA:0,(anonymous_14)
FNDA:0,(anonymous_15)
FNDA:0,(anonymous_16)
FNDA:0,(anonymous_17)
FNDA:0,(anonymous_18)
DA:14,1
DA:15,1
DA:16,1
DA:17,1
DA:19,1
DA:35,1
DA:36,1
DA:38,0
DA:43,1
DA:44,1
DA:58,1
DA:60,1
DA:61,1
DA:62,1
DA:64,0
DA:69,3
DA:71,3
DA:72,3
DA:74,3
DA:81,2
DA:82,2
DA:83,2
DA:84,2
DA:85,2
DA:86,2
DA:87,2
DA:88,2
DA:89,2
DA:90,2
DA:91,2
DA:92,2
DA:93,2
DA:94,2
DA:95,2
DA:96,2
DA:98,2
DA:100,1
DA:101,1
DA:102,0
DA:106,0
DA:107,0
DA:108,0
DA:109,0
DA:111,0
DA:112,0
DA:114,1
DA:117,1
DA:118,1
DA:119,0
DA:121,1
DA:122,1
DA:127,2
DA:129,2
DA:130,0
DA:131,0
DA:132,0
DA:135,2
DA:136,0
DA:137,0
DA:140,2
DA:141,0
DA:144,2
DA:145,0
DA:148,2
DA:149,0
DA:152,2
DA:153,0
DA:154,0
DA:157,0
DA:158,0
DA:159,0
DA:163,2
DA:164,0
DA:170,2
DA:184,0
DA:213,0
DA:231,0
DA:267,0
DA:268,0
DA:271,0
DA:277,0
DA:278,0
DA:279,0
DA:280,0
DA:281,0
DA:283,0
DA:284,0
DA:285,0
DA:290,0
DA:291,0
DA:292,0
DA:307,1
LF:92
LH:51
BRDA:118,0,0,0
BRDA:118,0,1,1
BRDA:130,1,0,0
BRDA:130,1,1,0
BRDA:153,2,0,0
BRDA:153,2,1,0
BRDA:176,3,0,0
BRDA:176,3,1,2
BRDA:253,4,0,2
BRDA:253,4,1,0
BRDA:268,5,0,0
BRDA:268,5,1,0
BRDA:279,6,0,0
BRDA:279,6,1,0
BRF:14
BRH:3
end_of_record
TN:
SF:screens\TehnicianScreen\screens\ImageBrowserScreen.js
FN:6,(anonymous_0)
FN:9,(anonymous_1)
FN:13,(anonymous_2)
FN:16,(anonymous_3)
FN:19,(anonymous_4)
FN:31,(anonymous_5)
FN:34,(anonymous_6)
FN:43,(anonymous_7)
FN:50,(anonymous_8)
FN:53,(anonymous_9)
FN:57,(anonymous_10)
FNF:11
FNH:0
FNDA:0,(anonymous_0)
FNDA:0,(anonymous_1)
FNDA:0,(anonymous_2)
FNDA:0,(anonymous_3)
FNDA:0,(anonymous_4)
FNDA:0,(anonymous_5)
FNDA:0,(anonymous_6)
FNDA:0,(anonymous_7)
FNDA:0,(anonymous_8)
FNDA:0,(anonymous_9)
FNDA:0,(anonymous_10)
DA:6,0
DA:9,0
DA:10,0
DA:13,0
DA:14,0
DA:15,0
DA:16,0
DA:19,0
DA:20,0
DA:21,0
DA:22,0
DA:23,0
DA:29,0
DA:31,0
DA:34,0
DA:35,0
DA:40,0
DA:43,0
DA:44,0
DA:45,0
DA:50,0
DA:51,0
DA:53,0
DA:57,0
DA:58,0
DA:64,0
DA:66,0
DA:80,0
LF:28
LH:0
BRDA:44,0,0,0
BRDA:44,0,1,0
BRF:2
BRH:0
end_of_record
TN:
SF:screens\TehnicianScreen\screens\ImageUploadScreen.js
FN:11,putTask
FN:41,(anonymous_1)
FN:51,(anonymous_2)
FN:58,(anonymous_3)
FN:71,(anonymous_4)
FN:77,(anonymous_5)
FN:89,(anonymous_6)
FN:99,(anonymous_7)
FN:134,(anonymous_8)
FN:146,(anonymous_9)
FN:151,(anonymous_10)
FNF:11
FNH:1
FNDA:1,putTask
FNDA:0,(anonymous_1)
FNDA:0,(anonymous_2)
FNDA:0,(anonymous_3)
FNDA:0,(anonymous_4)
FNDA:0,(anonymous_5)
FNDA:0,(anonymous_6)
FNDA:0,(anonymous_7)
FNDA:0,(anonymous_8)
FNDA:0,(anonymous_9)
FNDA:0,(anonymous_10)
DA:12,1
DA:14,1
DA:31,1
DA:32,1
DA:34,0
DA:41,1
DA:43,0
DA:45,0
DA:46,0
DA:47,0
DA:48,0
DA:49,0
DA:51,0
DA:52,0
DA:53,0
DA:54,0
DA:55,0
DA:58,0
DA:59,0
DA:61,0
DA:62,0
DA:68,0
DA:71,0
DA:72,0
DA:77,0
DA:78,0
DA:79,0
DA:80,0
DA:81,0
DA:82,0
DA:83,0
DA:85,0
DA:89,0
DA:90,0
DA:99,0
DA:104,0
DA:106,0
DA:113,0
DA:114,0
DA:115,0
DA:117,0
DA:121,0
DA:123,0
DA:124,0
DA:126,0
DA:132,0
DA:134,0
DA:146,0
DA:152,0
DA:153,0
DA:154,0
DA:168,1
LF:52
LH:6
BRDA:65,0,0,0
BRDA:65,0,1,0
BRDA:79,1,0,0
BRDA:79,1,1,0
BRDA:81,2,0,0
BRDA:81,2,1,0
BRDA:141,3,0,0
BRDA:141,3,1,0
BRF:8
BRH:0
end_of_record
TN:
SF:screens\TehnicianScreen\screens\Schedule.js
FN:10,Schedule
FN:14,(anonymous_1)
FN:29,(anonymous_2)
FN:31,(anonymous_3)
FN:51,(anonymous_4)
FN:52,getData
FN:61,(anonymous_6)
FN:69,(anonymous_7)
FNF:8
FNH:3
FNDA:1,Schedule
FNDA:0,(anonymous_1)
FNDA:0,(anonymous_2)
FNDA:0,(anonymous_3)
FNDA:1,(anonymous_4)
FNDA:1,getData
FNDA:0,(anonymous_6)
FNDA:0,(anonymous_7)
DA:11,1
DA:12,1
DA:14,1
DA:16,0
DA:18,0
DA:20,0
DA:22,0
DA:24,0
DA:29,1
DA:31,0
DA:51,1
DA:53,1
DA:54,1
DA:55,0
DA:59,0
DA:60,0
DA:61,0
DA:62,0
DA:63,0
DA:69,0
DA:70,0
DA:71,0
DA:72,0
DA:74,0
DA:76,1
DA:79,1
DA:84,1
DA:94,1
LF:28
LH:11
BRDA:16,0,0,0
BRDA:16,0,1,0
BRDA:16,0,2,0
BRDA:16,0,3,0
BRDA:36,1,0,0
BRDA:36,1,1,0
BRDA:40,2,0,0
BRDA:40,2,1,0
BRDA:71,3,0,0
BRDA:71,3,1,0
BRF:10
BRH:0
end_of_record
TN:
SF:screens\TehnicianScreen\screens\ShowImagesScreen.js
FN:6,(anonymous_0)
FN:13,(anonymous_1)
FN:14,getData
FN:27,(anonymous_3)
FN:29,(anonymous_4)
FN:36,(anonymous_5)
FN:43,(anonymous_6)
FN:57,(anonymous_7)
FNF:8
FNH:0
FNDA:0,(anonymous_0)
FNDA:0,(anonymous_1)
FNDA:0,getData
FNDA:0,(anonymous_3)
FNDA:0,(anonymous_4)
FNDA:0,(anonymous_5)
FNDA:0,(anonymous_6)
FNDA:0,(anonymous_7)
DA:6,0
DA:7,0
DA:8,0
DA:9,0
DA:10,0
DA:13,0
DA:15,0
DA:16,0
DA:28,0
DA:30,0
DA:31,0
DA:32,0
DA:33,0
DA:35,0
DA:37,0
DA:40,0
DA:43,0
DA:44,0
DA:52,0
DA:57,0
LF:20
LH:0
BRF:0
BRH:0
end_of_record
TN:
SF:screens\TehnicianScreen\screens\TaskView.js
FN:8,(anonymous_0)
FN:10,(anonymous_1)
FN:12,(anonymous_2)
FN:18,(anonymous_3)
FN:20,(anonymous_4)
FN:34,(anonymous_5)
FN:40,(anonymous_6)
FN:52,(anonymous_7)
FNF:8
FNH:0
FNDA:0,(anonymous_0)
FNDA:0,(anonymous_1)
FNDA:0,(anonymous_2)
FNDA:0,(anonymous_3)
FNDA:0,(anonymous_4)
FNDA:0,(anonymous_5)
FNDA:0,(anonymous_6)
FNDA:0,(anonymous_7)
DA:8,0
DA:10,0
DA:11,0
DA:12,0
DA:18,0
DA:19,0
DA:20,0
DA:24,0
DA:25,0
DA:27,0
DA:34,0
DA:40,0
DA:52,0
DA:61,0
LF:14
LH:0
BRF:0
BRH:0
end_of_record
